TN:
SF:components\BottomNav.vue
FN:10,(anonymous_0)
FN:18,(anonymous_1)
FN:22,(anonymous_2)
FN:26,(anonymous_3)
FN:40,(anonymous_4)
FN:43,(anonymous_5)
FN:46,(anonymous_6)
FN:49,(anonymous_7)
FN:67,render
FN:86,(anonymous_9)
FN:108,(anonymous_10)
FN:130,(anonymous_11)
FN:152,(anonymous_12)
FNF:13
FNH:0
FNDA:0,(anonymous_0)
FNDA:0,(anonymous_1)
FNDA:0,(anonymous_2)
FNDA:0,(anonymous_3)
FNDA:0,(anonymous_4)
FNDA:0,(anonymous_5)
FNDA:0,(anonymous_6)
FNDA:0,(anonymous_7)
FNDA:0,render
FNDA:0,(anonymous_9)
FNDA:0,(anonymous_10)
FNDA:0,(anonymous_11)
FNDA:0,(anonymous_12)
DA:3,0
DA:6,0
DA:7,0
DA:8,0
DA:11,0
DA:12,0
DA:13,0
DA:14,0
DA:15,0
DA:16,0
DA:17,0
DA:18,0
DA:20,0
DA:22,0
DA:24,0
DA:26,0
DA:27,0
DA:28,0
DA:30,0
DA:32,0
DA:41,0
DA:44,0
DA:47,0
DA:50,0
DA:53,0
DA:57,0
DA:61,0
DA:62,0
DA:63,0
DA:64,0
DA:65,0
DA:66,0
DA:68,0
DA:69,0
DA:86,0
DA:108,0
DA:130,0
DA:152,0
DA:167,0
LF:39
LH:0
BRDA:20,0,0,0
BRDA:20,0,1,0
BRDA:20,1,0,0
BRDA:20,1,1,0
BRDA:24,2,0,0
BRDA:24,2,1,0
BRDA:24,3,0,0
BRDA:24,3,1,0
BRDA:24,4,0,0
BRDA:24,4,1,0
BRDA:24,5,0,0
BRDA:24,5,1,0
BRDA:27,6,0,0
BRDA:27,6,1,0
BRDA:75,7,0,0
BRDA:75,7,1,0
BRDA:75,8,0,0
BRDA:75,8,1,0
BRDA:75,8,2,0
BRDA:81,9,0,0
BRDA:81,9,1,0
BRDA:89,10,0,0
BRDA:89,10,1,0
BRDA:91,11,0,0
BRDA:91,11,1,0
BRDA:97,12,0,0
BRDA:97,12,1,0
BRDA:97,13,0,0
BRDA:97,13,1,0
BRDA:103,14,0,0
BRDA:103,14,1,0
BRDA:111,15,0,0
BRDA:111,15,1,0
BRDA:113,16,0,0
BRDA:113,16,1,0
BRDA:119,17,0,0
BRDA:119,17,1,0
BRDA:119,18,0,0
BRDA:119,18,1,0
BRDA:119,18,2,0
BRDA:125,19,0,0
BRDA:125,19,1,0
BRDA:133,20,0,0
BRDA:133,20,1,0
BRDA:135,21,0,0
BRDA:135,21,1,0
BRDA:141,22,0,0
BRDA:141,22,1,0
BRDA:141,23,0,0
BRDA:141,23,1,0
BRDA:141,23,2,0
BRDA:147,24,0,0
BRDA:147,24,1,0
BRDA:155,25,0,0
BRDA:155,25,1,0
BRDA:157,26,0,0
BRDA:157,26,1,0
BRF:57
BRH:0
end_of_record
TN:
SF:components\LeagueSelector.vue
FN:3,(anonymous_0)
FN:4,adopt
FN:5,(anonymous_2)
FN:9,(anonymous_3)
FN:10,fulfilled
FN:17,rejected
FN:24,step
FN:30,(anonymous_7)
FN:33,(anonymous_8)
FN:44,(anonymous_9)
FN:47,verb
FN:48,(anonymous_11)
FN:52,step
FN:120,(anonymous_13)
FN:134,(anonymous_14)
FN:135,(anonymous_15)
FN:136,(anonymous_16)
FN:150,(anonymous_17)
FN:151,(anonymous_18)
FN:153,(anonymous_19)
FN:156,(anonymous_20)
FN:176,(anonymous_21)
FN:213,render
FN:219,(anonymous_23)
FN:223,(anonymous_24)
FNF:25
FNH:0
FNDA:0,(anonymous_0)
FNDA:0,adopt
FNDA:0,(anonymous_2)
FNDA:0,(anonymous_3)
FNDA:0,fulfilled
FNDA:0,rejected
FNDA:0,step
FNDA:0,(anonymous_7)
FNDA:0,(anonymous_8)
FNDA:0,(anonymous_9)
FNDA:0,verb
FNDA:0,(anonymous_11)
FNDA:0,step
FNDA:0,(anonymous_13)
FNDA:0,(anonymous_14)
FNDA:0,(anonymous_15)
FNDA:0,(anonymous_16)
FNDA:0,(anonymous_17)
FNDA:0,(anonymous_18)
FNDA:0,(anonymous_19)
FNDA:0,(anonymous_20)
FNDA:0,(anonymous_21)
FNDA:0,render
FNDA:0,(anonymous_23)
FNDA:0,(anonymous_24)
DA:3,0
DA:5,0
DA:6,0
DA:9,0
DA:11,0
DA:12,0
DA:14,0
DA:18,0
DA:19,0
DA:21,0
DA:25,0
DA:27,0
DA:30,0
DA:31,0
DA:34,0
DA:35,0
DA:43,0
DA:44,0
DA:45,0
DA:48,0
DA:49,0
DA:53,0
DA:54,0
DA:55,0
DA:56,0
DA:57,0
DA:60,0
DA:61,0
DA:63,0
DA:64,0
DA:69,0
DA:70,0
DA:71,0
DA:72,0
DA:74,0
DA:75,0
DA:76,0
DA:78,0
DA:79,0
DA:80,0
DA:82,0
DA:83,0
DA:84,0
DA:86,0
DA:87,0
DA:88,0
DA:89,0
DA:91,0
DA:92,0
DA:93,0
DA:94,0
DA:96,0
DA:97,0
DA:98,0
DA:100,0
DA:102,0
DA:103,0
DA:105,0
DA:107,0
DA:108,0
DA:114,0
DA:117,0
DA:118,0
DA:121,0
DA:123,0
DA:124,0
DA:125,0
DA:126,0
DA:127,0
DA:128,0
DA:129,0
DA:130,0
DA:131,0
DA:132,0
DA:134,0
DA:135,0
DA:136,0
DA:137,0
DA:139,0
DA:141,0
DA:142,0
DA:143,0
DA:145,0
DA:150,0
DA:151,0
DA:153,0
DA:154,0
DA:156,0
DA:157,0
DA:159,0
DA:160,0
DA:162,0
DA:167,0
DA:168,0
DA:170,0
DA:176,0
DA:177,0
DA:178,0
DA:181,0
DA:191,0
DA:195,0
DA:199,0
DA:200,0
DA:201,0
DA:202,0
DA:206,0
DA:210,0
DA:211,0
DA:212,0
DA:214,0
DA:219,0
DA:224,0
DA:254,0
LF:113
LH:0
BRDA:3,0,0,0
BRDA:3,0,1,0
BRDA:3,0,2,0
BRDA:5,1,0,0
BRDA:5,1,1,0
BRDA:9,2,0,0
BRDA:9,2,1,0
BRDA:25,3,0,0
BRDA:25,3,1,0
BRDA:27,4,0,0
BRDA:27,4,1,0
BRDA:30,5,0,0
BRDA:30,5,1,0
BRDA:30,5,2,0
BRDA:34,6,0,0
BRDA:34,6,1,0
BRDA:43,7,0,0
BRDA:43,7,1,0
BRDA:44,8,0,0
BRDA:44,8,1,0
BRDA:53,9,0,0
BRDA:53,9,1,0
BRDA:54,10,0,0
BRDA:54,10,1,0
BRDA:54,11,0,0
BRDA:54,11,1,0
BRDA:55,12,0,0
BRDA:55,12,1,0
BRDA:55,13,0,0
BRDA:55,13,1,0
BRDA:55,13,2,0
BRDA:55,14,0,0
BRDA:55,14,1,0
BRDA:55,15,0,0
BRDA:55,15,1,0
BRDA:55,16,0,0
BRDA:55,16,1,0
BRDA:55,17,0,0
BRDA:55,17,1,0
BRDA:56,18,0,0
BRDA:56,18,1,0
BRDA:57,19,0,0
BRDA:57,19,1,0
BRDA:57,19,2,0
BRDA:57,19,3,0
BRDA:57,19,4,0
BRDA:57,19,5,0
BRDA:78,20,0,0
BRDA:78,20,1,0
BRDA:78,21,0,0
BRDA:78,21,1,0
BRDA:78,21,2,0
BRDA:78,22,0,0
BRDA:78,22,1,0
BRDA:82,23,0,0
BRDA:82,23,1,0
BRDA:82,24,0,0
BRDA:82,24,1,0
BRDA:82,24,2,0
BRDA:82,24,3,0
BRDA:86,25,0,0
BRDA:86,25,1,0
BRDA:86,26,0,0
BRDA:86,26,1,0
BRDA:91,27,0,0
BRDA:91,27,1,0
BRDA:91,28,0,0
BRDA:91,28,1,0
BRDA:96,29,0,0
BRDA:96,29,1,0
BRDA:107,30,0,0
BRDA:107,30,1,0
BRDA:109,31,0,0
BRDA:109,31,1,0
BRDA:132,32,0,0
BRDA:132,32,1,0
BRDA:132,33,0,0
BRDA:132,33,1,0
BRDA:132,34,0,0
BRDA:132,34,1,0
BRDA:137,35,0,0
BRDA:137,35,1,0
BRDA:142,36,0,0
BRDA:142,36,1,0
BRDA:154,37,0,0
BRDA:154,37,1,0
BRDA:154,37,2,0
BRDA:159,38,0,0
BRDA:159,38,1,0
BRDA:177,39,0,0
BRDA:177,39,1,0
BRDA:214,40,0,0
BRDA:214,40,1,0
BRDA:216,41,0,0
BRDA:216,41,1,0
BRDA:219,42,0,0
BRDA:219,42,1,0
BRDA:233,43,0,0
BRDA:233,43,1,0
BRF:99
BRH:0
end_of_record
TN:
SF:components\Modal.vue
FN:40,(anonymous_0)
FN:46,(anonymous_1)
FN:50,(anonymous_2)
FN:54,(anonymous_3)
FN:65,(anonymous_4)
FN:84,(anonymous_5)
FN:115,render
FN:118,(anonymous_7)
FN:123,(anonymous_8)
FNF:9
FNH:0
FNDA:0,(anonymous_0)
FNDA:0,(anonymous_1)
FNDA:0,(anonymous_2)
FNDA:0,(anonymous_3)
FNDA:0,(anonymous_4)
FNDA:0,(anonymous_5)
FNDA:0,render
FNDA:0,(anonymous_7)
FNDA:0,(anonymous_8)
DA:3,0
DA:6,0
DA:7,0
DA:8,0
DA:41,0
DA:42,0
DA:43,0
DA:44,0
DA:45,0
DA:46,0
DA:47,0
DA:48,0
DA:50,0
DA:51,0
DA:52,0
DA:54,0
DA:55,0
DA:57,0
DA:60,0
DA:62,0
DA:65,0
DA:66,0
DA:68,0
DA:70,0
DA:72,0
DA:74,0
DA:77,0
DA:85,0
DA:88,0
DA:92,0
DA:96,0
DA:97,0
DA:98,0
DA:99,0
DA:100,0
DA:101,0
DA:102,0
DA:106,0
DA:107,0
DA:111,0
DA:116,0
DA:118,0
DA:123,0
DA:179,0
LF:44
LH:0
BRDA:55,0,0,0
BRDA:55,0,1,0
BRDA:55,0,2,0
BRDA:55,0,3,0
BRDA:66,1,0,0
BRDA:66,1,1,0
BRDA:66,1,2,0
BRDA:66,1,3,0
BRDA:119,2,0,0
BRDA:119,2,1,0
BRDA:123,3,0,0
BRDA:123,3,1,0
BRDA:123,4,0,0
BRDA:123,4,1,0
BRDA:126,5,0,0
BRDA:126,5,1,0
BRDA:130,6,0,0
BRDA:130,6,1,0
BRDA:147,7,0,0
BRDA:147,7,1,0
BRDA:154,8,0,0
BRDA:154,8,1,0
BRF:22
BRH:0
end_of_record
TN:
SF:components\PlayerCard.vue
FN:17,(anonymous_0)
FN:23,(anonymous_1)
FN:26,(anonymous_2)
FN:29,(anonymous_3)
FN:65,render
FNF:5
FNH:0
FNDA:0,(anonymous_0)
FNDA:0,(anonymous_1)
FNDA:0,(anonymous_2)
FNDA:0,(anonymous_3)
FNDA:0,render
DA:3,0
DA:6,0
DA:7,0
DA:8,0
DA:9,0
DA:18,0
DA:19,0
DA:20,0
DA:21,0
DA:24,0
DA:27,0
DA:30,0
DA:33,0
DA:37,0
DA:41,0
DA:42,0
DA:43,0
DA:44,0
DA:45,0
DA:46,0
DA:47,0
DA:48,0
DA:49,0
DA:53,0
DA:54,0
DA:59,0
DA:60,0
DA:64,0
DA:66,0
DA:106,0
LF:30
LH:0
BRDA:67,0,0,0
BRDA:67,0,1,0
BRDA:76,1,0,0
BRDA:76,1,1,0
BRDA:86,2,0,0
BRDA:86,2,1,0
BRF:6
BRH:0
end_of_record
TN:
SF:components\PlayerCreateModal.vue
FN:3,(anonymous_0)
FN:4,(anonymous_1)
FN:13,(anonymous_2)
FN:14,adopt
FN:15,(anonymous_4)
FN:19,(anonymous_5)
FN:20,fulfilled
FN:27,rejected
FN:34,step
FN:40,(anonymous_9)
FN:43,(anonymous_10)
FN:54,(anonymous_11)
FN:57,verb
FN:58,(anonymous_13)
FN:62,step
FN:139,(anonymous_15)
FN:159,(anonymous_16)
FN:169,(anonymous_17)
FN:181,(anonymous_18)
FN:182,(anonymous_19)
FN:185,(anonymous_20)
FN:251,(anonymous_21)
FN:254,(anonymous_22)
FN:257,(anonymous_23)
FN:260,(anonymous_24)
FN:263,(anonymous_25)
FN:266,(anonymous_26)
FN:315,render
FN:321,(anonymous_28)
FN:336,(anonymous_29)
FN:346,(anonymous_30)
FN:356,(anonymous_31)
FN:382,(anonymous_32)
FN:403,(anonymous_33)
FN:418,(anonymous_34)
FN:433,(anonymous_35)
FN:437,(anonymous_36)
FN:454,(anonymous_37)
FNF:38
FNH:0
FNDA:0,(anonymous_0)
FNDA:0,(anonymous_1)
FNDA:0,(anonymous_2)
FNDA:0,adopt
FNDA:0,(anonymous_4)
FNDA:0,(anonymous_5)
FNDA:0,fulfilled
FNDA:0,rejected
FNDA:0,step
FNDA:0,(anonymous_9)
FNDA:0,(anonymous_10)
FNDA:0,(anonymous_11)
FNDA:0,verb
FNDA:0,(anonymous_13)
FNDA:0,step
FNDA:0,(anonymous_15)
FNDA:0,(anonymous_16)
FNDA:0,(anonymous_17)
FNDA:0,(anonymous_18)
FNDA:0,(anonymous_19)
FNDA:0,(anonymous_20)
FNDA:0,(anonymous_21)
FNDA:0,(anonymous_22)
FNDA:0,(anonymous_23)
FNDA:0,(anonymous_24)
FNDA:0,(anonymous_25)
FNDA:0,(anonymous_26)
FNDA:0,render
FNDA:0,(anonymous_28)
FNDA:0,(anonymous_29)
FNDA:0,(anonymous_30)
FNDA:0,(anonymous_31)
FNDA:0,(anonymous_32)
FNDA:0,(anonymous_33)
FNDA:0,(anonymous_34)
FNDA:0,(anonymous_35)
FNDA:0,(anonymous_36)
FNDA:0,(anonymous_37)
DA:3,0
DA:4,0
DA:5,0
DA:6,0
DA:7,0
DA:9,0
DA:11,0
DA:13,0
DA:15,0
DA:16,0
DA:19,0
DA:21,0
DA:22,0
DA:24,0
DA:28,0
DA:29,0
DA:31,0
DA:35,0
DA:37,0
DA:40,0
DA:41,0
DA:44,0
DA:45,0
DA:53,0
DA:54,0
DA:55,0
DA:58,0
DA:59,0
DA:63,0
DA:64,0
DA:65,0
DA:66,0
DA:67,0
DA:70,0
DA:71,0
DA:73,0
DA:74,0
DA:79,0
DA:80,0
DA:81,0
DA:82,0
DA:84,0
DA:85,0
DA:86,0
DA:88,0
DA:89,0
DA:90,0
DA:92,0
DA:93,0
DA:94,0
DA:96,0
DA:97,0
DA:98,0
DA:99,0
DA:101,0
DA:102,0
DA:103,0
DA:104,0
DA:106,0
DA:107,0
DA:108,0
DA:110,0
DA:112,0
DA:113,0
DA:115,0
DA:117,0
DA:118,0
DA:124,0
DA:127,0
DA:128,0
DA:129,0
DA:130,0
DA:140,0
DA:142,0
DA:143,0
DA:144,0
DA:145,0
DA:146,0
DA:147,0
DA:148,0
DA:149,0
DA:150,0
DA:151,0
DA:152,0
DA:159,0
DA:160,0
DA:161,0
DA:162,0
DA:163,0
DA:164,0
DA:165,0
DA:167,0
DA:168,0
DA:169,0
DA:170,0
DA:171,0
DA:173,0
DA:174,0
DA:178,0
DA:181,0
DA:182,0
DA:185,0
DA:186,0
DA:188,0
DA:189,0
DA:190,0
DA:191,0
DA:192,0
DA:193,0
DA:195,0
DA:196,0
DA:201,0
DA:202,0
DA:204,0
DA:205,0
DA:207,0
DA:208,0
DA:212,0
DA:215,0
DA:216,0
DA:218,0
DA:219,0
DA:223,0
DA:225,0
DA:226,0
DA:227,0
DA:229,0
DA:231,0
DA:232,0
DA:237,0
DA:252,0
DA:255,0
DA:258,0
DA:261,0
DA:264,0
DA:267,0
DA:270,0
DA:274,0
DA:278,0
DA:279,0
DA:280,0
DA:281,0
DA:285,0
DA:286,0
DA:287,0
DA:288,0
DA:289,0
DA:290,0
DA:291,0
DA:295,0
DA:296,0
DA:297,0
DA:298,0
DA:302,0
DA:303,0
DA:304,0
DA:305,0
DA:306,0
DA:307,0
DA:308,0
DA:309,0
DA:310,0
DA:311,0
DA:312,0
DA:313,0
DA:314,0
DA:316,0
DA:321,0
DA:336,0
DA:346,0
DA:356,0
DA:382,0
DA:403,0
DA:418,0
DA:434,0
DA:437,0
DA:454,0
DA:488,0
LF:178
LH:0
BRDA:3,0,0,0
BRDA:3,0,1,0
BRDA:3,0,2,0
BRDA:4,1,0,0
BRDA:4,1,1,0
BRDA:7,2,0,0
BRDA:7,2,1,0
BRDA:13,3,0,0
BRDA:13,3,1,0
BRDA:13,3,2,0
BRDA:15,4,0,0
BRDA:15,4,1,0
BRDA:19,5,0,0
BRDA:19,5,1,0
BRDA:35,6,0,0
BRDA:35,6,1,0
BRDA:37,7,0,0
BRDA:37,7,1,0
BRDA:40,8,0,0
BRDA:40,8,1,0
BRDA:40,8,2,0
BRDA:44,9,0,0
BRDA:44,9,1,0
BRDA:53,10,0,0
BRDA:53,10,1,0
BRDA:54,11,0,0
BRDA:54,11,1,0
BRDA:63,12,0,0
BRDA:63,12,1,0
BRDA:64,13,0,0
BRDA:64,13,1,0
BRDA:64,14,0,0
BRDA:64,14,1,0
BRDA:65,15,0,0
BRDA:65,15,1,0
BRDA:65,16,0,0
BRDA:65,16,1,0
BRDA:65,16,2,0
BRDA:65,17,0,0
BRDA:65,17,1,0
BRDA:65,18,0,0
BRDA:65,18,1,0
BRDA:65,19,0,0
BRDA:65,19,1,0
BRDA:65,20,0,0
BRDA:65,20,1,0
BRDA:66,21,0,0
BRDA:66,21,1,0
BRDA:67,22,0,0
BRDA:67,22,1,0
BRDA:67,22,2,0
BRDA:67,22,3,0
BRDA:67,22,4,0
BRDA:67,22,5,0
BRDA:88,23,0,0
BRDA:88,23,1,0
BRDA:88,24,0,0
BRDA:88,24,1,0
BRDA:88,24,2,0
BRDA:88,25,0,0
BRDA:88,25,1,0
BRDA:92,26,0,0
BRDA:92,26,1,0
BRDA:92,27,0,0
BRDA:92,27,1,0
BRDA:92,27,2,0
BRDA:92,27,3,0
BRDA:96,28,0,0
BRDA:96,28,1,0
BRDA:96,29,0,0
BRDA:96,29,1,0
BRDA:101,30,0,0
BRDA:101,30,1,0
BRDA:101,31,0,0
BRDA:101,31,1,0
BRDA:106,32,0,0
BRDA:106,32,1,0
BRDA:117,33,0,0
BRDA:117,33,1,0
BRDA:119,34,0,0
BRDA:119,34,1,0
BRDA:168,35,0,0
BRDA:168,35,1,0
BRDA:168,36,0,0
BRDA:168,36,1,0
BRDA:168,37,0,0
BRDA:168,37,1,0
BRDA:171,38,0,0
BRDA:171,38,1,0
BRDA:173,39,0,0
BRDA:173,39,1,0
BRDA:186,40,0,0
BRDA:186,40,1,0
BRDA:186,40,2,0
BRDA:186,40,3,0
BRDA:186,40,4,0
BRDA:186,40,5,0
BRDA:186,40,6,0
BRDA:190,41,0,0
BRDA:190,41,1,0
BRDA:190,42,0,0
BRDA:190,42,1,0
BRDA:190,43,0,0
BRDA:190,43,1,0
BRDA:195,44,0,0
BRDA:195,44,1,0
BRDA:221,45,0,0
BRDA:221,45,1,0
BRDA:225,46,0,0
BRDA:225,46,1,0
BRDA:316,47,0,0
BRDA:316,47,1,0
BRDA:321,48,0,0
BRDA:321,48,1,0
BRDA:331,49,0,0
BRDA:331,49,1,0
BRDA:332,50,0,0
BRDA:332,50,1,0
BRDA:336,51,0,0
BRDA:336,51,1,0
BRDA:346,52,0,0
BRDA:346,52,1,0
BRDA:349,53,0,0
BRDA:349,53,1,0
BRDA:356,54,0,0
BRDA:356,54,1,0
BRDA:359,55,0,0
BRDA:359,55,1,0
BRDA:369,56,0,0
BRDA:369,56,1,0
BRDA:371,57,0,0
BRDA:371,57,1,0
BRDA:379,58,0,0
BRDA:379,58,1,0
BRDA:382,59,0,0
BRDA:382,59,1,0
BRDA:390,60,0,0
BRDA:390,60,1,0
BRDA:395,61,0,0
BRDA:395,61,1,0
BRDA:400,62,0,0
BRDA:400,62,1,0
BRDA:403,63,0,0
BRDA:403,63,1,0
BRDA:415,64,0,0
BRDA:415,64,1,0
BRDA:418,65,0,0
BRDA:418,65,1,0
BRDA:430,66,0,0
BRDA:430,66,1,0
BRDA:440,67,0,0
BRDA:440,67,1,0
BRDA:451,68,0,0
BRDA:451,68,1,0
BRDA:454,69,0,0
BRDA:454,69,1,0
BRDA:474,70,0,0
BRDA:474,70,1,0
BRDA:480,71,0,0
BRDA:480,71,1,0
BRF:160
BRH:0
end_of_record
TN:
SF:components\PlayerRatingModal.vue
FN:3,(anonymous_0)
FN:4,adopt
FN:5,(anonymous_2)
FN:9,(anonymous_3)
FN:10,fulfilled
FN:17,rejected
FN:24,step
FN:30,(anonymous_7)
FN:33,(anonymous_8)
FN:44,(anonymous_9)
FN:47,verb
FN:48,(anonymous_11)
FN:52,step
FN:141,(anonymous_13)
FN:156,(anonymous_14)
FN:157,(anonymous_15)
FN:159,(anonymous_16)
FN:168,(anonymous_17)
FN:174,(anonymous_18)
FN:184,(anonymous_19)
FN:185,(anonymous_20)
FN:187,(anonymous_21)
FN:191,(anonymous_22)
FN:206,(anonymous_23)
FN:210,(anonymous_24)
FN:224,(anonymous_25)
FN:248,(anonymous_26)
FN:251,(anonymous_27)
FN:254,(anonymous_28)
FN:257,(anonymous_29)
FN:260,(anonymous_30)
FN:306,render
FN:312,(anonymous_32)
FN:333,(anonymous_33)
FN:356,(anonymous_34)
FN:366,(anonymous_35)
FN:383,(anonymous_36)
FN:388,(anonymous_37)
FN:429,(anonymous_38)
FNF:39
FNH:0
FNDA:0,(anonymous_0)
FNDA:0,adopt
FNDA:0,(anonymous_2)
FNDA:0,(anonymous_3)
FNDA:0,fulfilled
FNDA:0,rejected
FNDA:0,step
FNDA:0,(anonymous_7)
FNDA:0,(anonymous_8)
FNDA:0,(anonymous_9)
FNDA:0,verb
FNDA:0,(anonymous_11)
FNDA:0,step
FNDA:0,(anonymous_13)
FNDA:0,(anonymous_14)
FNDA:0,(anonymous_15)
FNDA:0,(anonymous_16)
FNDA:0,(anonymous_17)
FNDA:0,(anonymous_18)
FNDA:0,(anonymous_19)
FNDA:0,(anonymous_20)
FNDA:0,(anonymous_21)
FNDA:0,(anonymous_22)
FNDA:0,(anonymous_23)
FNDA:0,(anonymous_24)
FNDA:0,(anonymous_25)
FNDA:0,(anonymous_26)
FNDA:0,(anonymous_27)
FNDA:0,(anonymous_28)
FNDA:0,(anonymous_29)
FNDA:0,(anonymous_30)
FNDA:0,render
FNDA:0,(anonymous_32)
FNDA:0,(anonymous_33)
FNDA:0,(anonymous_34)
FNDA:0,(anonymous_35)
FNDA:0,(anonymous_36)
FNDA:0,(anonymous_37)
FNDA:0,(anonymous_38)
DA:3,0
DA:5,0
DA:6,0
DA:9,0
DA:11,0
DA:12,0
DA:14,0
DA:18,0
DA:19,0
DA:21,0
DA:25,0
DA:27,0
DA:30,0
DA:31,0
DA:34,0
DA:35,0
DA:43,0
DA:44,0
DA:45,0
DA:48,0
DA:49,0
DA:53,0
DA:54,0
DA:55,0
DA:56,0
DA:57,0
DA:60,0
DA:61,0
DA:63,0
DA:64,0
DA:69,0
DA:70,0
DA:71,0
DA:72,0
DA:74,0
DA:75,0
DA:76,0
DA:78,0
DA:79,0
DA:80,0
DA:82,0
DA:83,0
DA:84,0
DA:86,0
DA:87,0
DA:88,0
DA:89,0
DA:91,0
DA:92,0
DA:93,0
DA:94,0
DA:96,0
DA:97,0
DA:98,0
DA:100,0
DA:102,0
DA:103,0
DA:105,0
DA:107,0
DA:108,0
DA:114,0
DA:117,0
DA:118,0
DA:119,0
DA:120,0
DA:142,0
DA:143,0
DA:144,0
DA:145,0
DA:146,0
DA:147,0
DA:148,0
DA:149,0
DA:150,0
DA:151,0
DA:152,0
DA:153,0
DA:154,0
DA:155,0
DA:156,0
DA:157,0
DA:159,0
DA:160,0
DA:162,0
DA:163,0
DA:165,0
DA:166,0
DA:167,0
DA:168,0
DA:169,0
DA:170,0
DA:174,0
DA:175,0
DA:178,0
DA:179,0
DA:184,0
DA:185,0
DA:187,0
DA:188,0
DA:190,0
DA:191,0
DA:192,0
DA:194,0
DA:195,0
DA:197,0
DA:198,0
DA:199,0
DA:201,0
DA:203,0
DA:204,0
DA:205,0
DA:206,0
DA:207,0
DA:208,0
DA:211,0
DA:212,0
DA:213,0
DA:218,0
DA:220,0
DA:221,0
DA:222,0
DA:223,0
DA:224,0
DA:225,0
DA:228,0
DA:230,0
DA:231,0
DA:236,0
DA:249,0
DA:252,0
DA:255,0
DA:258,0
DA:261,0
DA:264,0
DA:268,0
DA:272,0
DA:273,0
DA:274,0
DA:275,0
DA:279,0
DA:280,0
DA:281,0
DA:282,0
DA:283,0
DA:284,0
DA:288,0
DA:292,0
DA:296,0
DA:297,0
DA:298,0
DA:299,0
DA:300,0
DA:301,0
DA:302,0
DA:303,0
DA:304,0
DA:305,0
DA:307,0
DA:312,0
DA:333,0
DA:357,0
DA:367,0
DA:383,0
DA:388,0
DA:429,0
DA:437,0
LF:166
LH:0
BRDA:3,0,0,0
BRDA:3,0,1,0
BRDA:3,0,2,0
BRDA:5,1,0,0
BRDA:5,1,1,0
BRDA:9,2,0,0
BRDA:9,2,1,0
BRDA:25,3,0,0
BRDA:25,3,1,0
BRDA:27,4,0,0
BRDA:27,4,1,0
BRDA:30,5,0,0
BRDA:30,5,1,0
BRDA:30,5,2,0
BRDA:34,6,0,0
BRDA:34,6,1,0
BRDA:43,7,0,0
BRDA:43,7,1,0
BRDA:44,8,0,0
BRDA:44,8,1,0
BRDA:53,9,0,0
BRDA:53,9,1,0
BRDA:54,10,0,0
BRDA:54,10,1,0
BRDA:54,11,0,0
BRDA:54,11,1,0
BRDA:55,12,0,0
BRDA:55,12,1,0
BRDA:55,13,0,0
BRDA:55,13,1,0
BRDA:55,13,2,0
BRDA:55,14,0,0
BRDA:55,14,1,0
BRDA:55,15,0,0
BRDA:55,15,1,0
BRDA:55,16,0,0
BRDA:55,16,1,0
BRDA:55,17,0,0
BRDA:55,17,1,0
BRDA:56,18,0,0
BRDA:56,18,1,0
BRDA:57,19,0,0
BRDA:57,19,1,0
BRDA:57,19,2,0
BRDA:57,19,3,0
BRDA:57,19,4,0
BRDA:57,19,5,0
BRDA:78,20,0,0
BRDA:78,20,1,0
BRDA:78,21,0,0
BRDA:78,21,1,0
BRDA:78,21,2,0
BRDA:78,22,0,0
BRDA:78,22,1,0
BRDA:82,23,0,0
BRDA:82,23,1,0
BRDA:82,24,0,0
BRDA:82,24,1,0
BRDA:82,24,2,0
BRDA:82,24,3,0
BRDA:86,25,0,0
BRDA:86,25,1,0
BRDA:86,26,0,0
BRDA:86,26,1,0
BRDA:91,27,0,0
BRDA:91,27,1,0
BRDA:91,28,0,0
BRDA:91,28,1,0
BRDA:96,29,0,0
BRDA:96,29,1,0
BRDA:107,30,0,0
BRDA:107,30,1,0
BRDA:109,31,0,0
BRDA:109,31,1,0
BRDA:160,32,0,0
BRDA:160,32,1,0
BRDA:166,33,0,0
BRDA:166,33,1,0
BRDA:166,34,0,0
BRDA:166,34,1,0
BRDA:188,35,0,0
BRDA:188,35,1,0
BRDA:188,35,2,0
BRDA:188,35,3,0
BRDA:188,35,4,0
BRDA:190,36,0,0
BRDA:190,36,1,0
BRDA:192,37,0,0
BRDA:192,37,1,0
BRDA:194,38,0,0
BRDA:194,38,1,0
BRDA:198,39,0,0
BRDA:198,39,1,0
BRDA:204,40,0,0
BRDA:204,40,1,0
BRDA:208,41,0,0
BRDA:208,41,1,0
BRDA:221,42,0,0
BRDA:221,42,1,0
BRDA:307,43,0,0
BRDA:307,43,1,0
BRDA:312,44,0,0
BRDA:312,44,1,0
BRDA:325,45,0,0
BRDA:325,45,1,0
BRDA:333,46,0,0
BRDA:333,46,1,0
BRDA:341,47,0,0
BRDA:341,47,1,0
BRDA:347,48,0,0
BRDA:347,48,1,0
BRDA:350,49,0,0
BRDA:350,49,1,0
BRDA:353,50,0,0
BRDA:353,50,1,0
BRDA:363,51,0,0
BRDA:363,51,1,0
BRDA:374,52,0,0
BRDA:374,52,1,0
BRDA:378,53,0,0
BRDA:378,53,1,0
BRDA:378,54,0,0
BRDA:378,54,1,0
BRDA:387,55,0,0
BRDA:387,55,1,0
BRDA:407,56,0,0
BRDA:407,56,1,0
BRDA:408,57,0,0
BRDA:408,57,1,0
BRDA:415,58,0,0
BRDA:415,58,1,0
BRDA:425,59,0,0
BRDA:425,59,1,0
BRDA:429,60,0,0
BRDA:429,60,1,0
BRF:135
BRH:0
end_of_record
TN:
SF:components\PlayerSelectSidebar.vue
FN:11,(anonymous_0)
FN:16,(anonymous_1)
FN:20,(anonymous_2)
FN:26,(anonymous_3)
FN:30,(anonymous_4)
FN:33,(anonymous_5)
FN:42,(anonymous_6)
FN:52,(anonymous_7)
FN:55,(anonymous_8)
FN:58,(anonymous_9)
FN:61,(anonymous_10)
FN:97,render
FN:110,(anonymous_12)
FN:141,(anonymous_13)
FN:144,(anonymous_14)
FN:159,(anonymous_15)
FNF:16
FNH:0
FNDA:0,(anonymous_0)
FNDA:0,(anonymous_1)
FNDA:0,(anonymous_2)
FNDA:0,(anonymous_3)
FNDA:0,(anonymous_4)
FNDA:0,(anonymous_5)
FNDA:0,(anonymous_6)
FNDA:0,(anonymous_7)
FNDA:0,(anonymous_8)
FNDA:0,(anonymous_9)
FNDA:0,(anonymous_10)
FNDA:0,render
FNDA:0,(anonymous_12)
FNDA:0,(anonymous_13)
FNDA:0,(anonymous_14)
FNDA:0,(anonymous_15)
DA:3,0
DA:6,0
DA:7,0
DA:8,0
DA:9,0
DA:12,0
DA:13,0
DA:14,0
DA:15,0
DA:16,0
DA:17,0
DA:19,0
DA:20,0
DA:21,0
DA:24,0
DA:25,0
DA:26,0
DA:27,0
DA:30,0
DA:31,0
DA:33,0
DA:34,0
DA:35,0
DA:36,0
DA:37,0
DA:39,0
DA:42,0
DA:43,0
DA:45,0
DA:53,0
DA:56,0
DA:59,0
DA:62,0
DA:65,0
DA:69,0
DA:73,0
DA:74,0
DA:75,0
DA:76,0
DA:77,0
DA:78,0
DA:79,0
DA:80,0
DA:81,0
DA:82,0
DA:86,0
DA:87,0
DA:91,0
DA:92,0
DA:93,0
DA:94,0
DA:95,0
DA:96,0
DA:98,0
DA:110,0
DA:142,0
DA:144,0
DA:159,0
DA:195,0
LF:59
LH:0
BRDA:19,0,0,0
BRDA:19,0,1,0
BRDA:24,1,0,0
BRDA:24,1,1,0
BRDA:34,2,0,0
BRDA:34,2,1,0
BRDA:36,3,0,0
BRDA:36,3,1,0
BRDA:101,4,0,0
BRDA:101,4,1,0
BRDA:110,5,0,0
BRDA:110,5,1,0
BRDA:117,6,0,0
BRDA:117,6,1,0
BRDA:129,7,0,0
BRDA:129,7,1,0
BRDA:137,8,0,0
BRDA:137,8,1,0
BRDA:138,9,0,0
BRDA:138,9,1,0
BRDA:147,10,0,0
BRDA:147,10,1,0
BRDA:150,11,0,0
BRDA:150,11,1,0
BRDA:157,12,0,0
BRDA:157,12,1,0
BRDA:168,13,0,0
BRDA:168,13,1,0
BRDA:173,14,0,0
BRDA:173,14,1,0
BRDA:178,15,0,0
BRDA:178,15,1,0
BRF:32
BRH:0
end_of_record
TN:
SF:components\RatingSlider.vue
FN:20,(anonymous_0)
FN:26,(anonymous_1)
FN:30,(anonymous_2)
FN:58,render
FN:77,(anonymous_4)
FNF:5
FNH:0
FNDA:0,(anonymous_0)
FNDA:0,(anonymous_1)
FNDA:0,(anonymous_2)
FNDA:0,render
FNDA:0,(anonymous_4)
DA:3,0
DA:6,0
DA:7,0
DA:21,0
DA:22,0
DA:23,0
DA:24,0
DA:25,0
DA:26,0
DA:27,0
DA:28,0
DA:30,0
DA:31,0
DA:32,0
DA:33,0
DA:35,0
DA:41,0
DA:45,0
DA:49,0
DA:50,0
DA:51,0
DA:52,0
DA:53,0
DA:54,0
DA:55,0
DA:56,0
DA:57,0
DA:59,0
DA:78,0
DA:92,0
LF:30
LH:0
BRDA:31,0,0,0
BRDA:31,0,1,0
BRDA:32,1,0,0
BRDA:32,1,1,0
BRDA:85,2,0,0
BRDA:85,2,1,0
BRF:6
BRH:0
end_of_record
TN:
SF:components\TeamColumn.vue
FN:3,(anonymous_0)
FN:36,(anonymous_1)
FN:44,(anonymous_2)
FN:47,(anonymous_3)
FN:51,(anonymous_4)
FN:55,(anonymous_5)
FN:65,(anonymous_6)
FN:68,(anonymous_7)
FN:71,(anonymous_8)
FN:92,render
FN:115,(anonymous_10)
FN:123,(anonymous_11)
FNF:12
FNH:0
FNDA:0,(anonymous_0)
FNDA:0,(anonymous_1)
FNDA:0,(anonymous_2)
FNDA:0,(anonymous_3)
FNDA:0,(anonymous_4)
FNDA:0,(anonymous_5)
FNDA:0,(anonymous_6)
FNDA:0,(anonymous_7)
FNDA:0,(anonymous_8)
FNDA:0,render
FNDA:0,(anonymous_10)
FNDA:0,(anonymous_11)
DA:3,0
DA:4,0
DA:8,0
DA:11,0
DA:12,0
DA:13,0
DA:14,0
DA:15,0
DA:37,0
DA:38,0
DA:39,0
DA:40,0
DA:41,0
DA:42,0
DA:43,0
DA:45,0
DA:48,0
DA:51,0
DA:52,0
DA:53,0
DA:55,0
DA:56,0
DA:58,0
DA:66,0
DA:69,0
DA:72,0
DA:75,0
DA:79,0
DA:83,0
DA:84,0
DA:85,0
DA:86,0
DA:87,0
DA:88,0
DA:89,0
DA:90,0
DA:91,0
DA:93,0
DA:94,0
DA:115,0
DA:124,0
DA:125,0
DA:133,0
LF:43
LH:0
BRDA:3,0,0,0
BRDA:3,0,1,0
BRDA:3,0,2,0
BRDA:4,1,0,0
BRDA:4,1,1,0
BRDA:4,2,0,0
BRDA:4,2,1,0
BRDA:115,3,0,0
BRDA:115,3,1,0
BRF:9
BRH:0
end_of_record
TN:
SF:composables\useApi.ts
FN:1,(anonymous_0)
FN:6,(anonymous_1)
FN:25,(anonymous_2)
FNF:3
FNH:0
FNDA:0,(anonymous_0)
FNDA:0,(anonymous_1)
FNDA:0,(anonymous_2)
DA:1,0
DA:2,0
DA:3,0
DA:4,0
DA:6,0
DA:8,0
DA:12,0
DA:13,0
DA:17,0
DA:18,0
DA:21,0
DA:26,0
DA:31,0
LF:13
LH:0
BRDA:6,0,0,0
BRDA:12,1,0,0
BRDA:17,2,0,0
BRDA:17,3,0,0
BRDA:17,3,1,0
BRDA:26,4,0,0
BRDA:26,4,1,0
BRF:7
BRH:0
end_of_record
TN:
SF:composables\useLeague.ts
FN:1,(anonymous_0)
FN:2,(anonymous_1)
FN:3,(anonymous_2)
FN:6,(anonymous_3)
FN:19,(anonymous_4)
FN:38,(anonymous_5)
FN:46,(anonymous_6)
FN:54,(anonymous_7)
FN:81,(anonymous_8)
FN:108,(anonymous_9)
FN:123,(anonymous_10)
FN:140,(anonymous_11)
FN:155,(anonymous_12)
FN:170,(anonymous_13)
FN:185,(anonymous_14)
FN:200,(anonymous_15)
FN:225,(anonymous_16)
FN:244,(anonymous_17)
FN:258,(anonymous_18)
FN:273,(anonymous_19)
FN:288,(anonymous_20)
FN:303,(anonymous_21)
FNF:22
FNH:0
FNDA:0,(anonymous_0)
FNDA:0,(anonymous_1)
FNDA:0,(anonymous_2)
FNDA:0,(anonymous_3)
FNDA:0,(anonymous_4)
FNDA:0,(anonymous_5)
FNDA:0,(anonymous_6)
FNDA:0,(anonymous_7)
FNDA:0,(anonymous_8)
FNDA:0,(anonymous_9)
FNDA:0,(anonymous_10)
FNDA:0,(anonymous_11)
FNDA:0,(anonymous_12)
FNDA:0,(anonymous_13)
FNDA:0,(anonymous_14)
FNDA:0,(anonymous_15)
FNDA:0,(anonymous_16)
FNDA:0,(anonymous_17)
FNDA:0,(anonymous_18)
FNDA:0,(anonymous_19)
FNDA:0,(anonymous_20)
FNDA:0,(anonymous_21)
DA:1,0
DA:2,0
DA:3,0
DA:4,0
DA:6,0
DA:7,0
DA:8,0
DA:13,0
DA:16,0
DA:18,0
DA:19,0
DA:20,0
DA:21,0
DA:22,0
DA:27,0
DA:28,0
DA:29,0
DA:30,0
DA:34,0
DA:38,0
DA:39,0
DA:41,0
DA:42,0
DA:46,0
DA:47,0
DA:48,0
DA:49,0
DA:50,0
DA:54,0
DA:64,0
DA:65,0
DA:73,0
DA:74,0
DA:76,0
DA:77,0
DA:81,0
DA:91,0
DA:92,0
DA:101,0
DA:103,0
DA:104,0
DA:108,0
DA:109,0
DA:110,0
DA:116,0
DA:118,0
DA:119,0
DA:123,0
DA:124,0
DA:125,0
DA:135,0
DA:136,0
DA:140,0
DA:141,0
DA:142,0
DA:150,0
DA:151,0
DA:155,0
DA:156,0
DA:157,0
DA:165,0
DA:166,0
DA:170,0
DA:171,0
DA:172,0
DA:180,0
DA:181,0
DA:185,0
DA:186,0
DA:187,0
DA:193,0
DA:195,0
DA:196,0
DA:200,0
DA:206,0
DA:207,0
DA:216,0
DA:218,0
DA:219,0
DA:225,0
DA:226,0
DA:227,0
DA:228,0
DA:229,0
DA:232,0
DA:237,0
DA:239,0
DA:240,0
DA:244,0
DA:245,0
DA:246,0
DA:251,0
DA:253,0
DA:254,0
DA:258,0
DA:259,0
DA:260,0
DA:266,0
DA:268,0
DA:269,0
DA:273,0
DA:274,0
DA:275,0
DA:281,0
DA:283,0
DA:284,0
DA:288,0
DA:289,0
DA:290,0
DA:298,0
DA:299,0
DA:303,0
DA:304,0
DA:305,0
DA:313,0
DA:314,0
DA:318,0
LF:117
LH:0
BRDA:16,0,0,0
BRDA:16,0,1,0
BRDA:18,1,0,0
BRDA:20,2,0,0
BRDA:27,3,0,0
BRDA:27,4,0,0
BRDA:27,4,1,0
BRDA:29,5,0,0
BRDA:41,6,0,0
BRDA:41,7,0,0
BRDA:41,7,1,0
BRDA:49,8,0,0
BRDA:225,9,0,0
BRDA:225,10,0,0
BRDA:228,11,0,0
BRDA:228,12,0,0
BRDA:228,12,1,0
BRF:17
BRH:0
end_of_record
TN:
SF:composables\useModal.ts
FN:4,(anonymous_0)
FN:6,(anonymous_1)
FN:7,(anonymous_2)
FN:15,(anonymous_3)
FN:16,(anonymous_4)
FN:29,(anonymous_5)
FN:40,(anonymous_6)
FN:51,(anonymous_7)
FN:62,(anonymous_8)
FN:70,(anonymous_9)
FN:78,(anonymous_10)
FNF:11
FNH:0
FNDA:0,(anonymous_0)
FNDA:0,(anonymous_1)
FNDA:0,(anonymous_2)
FNDA:0,(anonymous_3)
FNDA:0,(anonymous_4)
FNDA:0,(anonymous_5)
FNDA:0,(anonymous_6)
FNDA:0,(anonymous_7)
FNDA:0,(anonymous_8)
FNDA:0,(anonymous_9)
FNDA:0,(anonymous_10)
DA:2,0
DA:4,0
DA:6,0
DA:7,0
DA:15,0
DA:16,0
DA:17,0
DA:24,0
DA:25,0
DA:29,0
DA:30,0
DA:37,0
DA:40,0
DA:41,0
DA:48,0
DA:51,0
DA:52,0
DA:59,0
DA:62,0
DA:63,0
DA:64,0
DA:65,0
DA:67,0
DA:70,0
DA:71,0
DA:72,0
DA:73,0
DA:75,0
DA:78,0
DA:79,0
DA:82,0
LF:31
LH:0
BRDA:15,0,0,0
BRDA:15,1,0,0
BRDA:18,2,0,0
BRDA:18,2,1,0
BRDA:31,3,0,0
BRDA:31,3,1,0
BRDA:42,4,0,0
BRDA:42,4,1,0
BRDA:53,5,0,0
BRDA:53,5,1,0
BRDA:63,6,0,0
BRDA:71,7,0,0
BRF:12
BRH:0
end_of_record
TN:
SF:composables\useSportPositions.ts
FN:1,(anonymous_0)
FN:2,(anonymous_1)
FNF:2
FNH:0
FNDA:0,(anonymous_0)
FNDA:0,(anonymous_1)
DA:1,0
DA:2,0
DA:3,0
DA:10,0
DA:13,0
LF:5
LH:0
BRDA:10,0,0,0
BRDA:10,0,1,0
BRF:2
BRH:0
end_of_record
TN:
SF:pages\index.vue
FN:3,(anonymous_0)
FN:4,adopt
FN:5,(anonymous_2)
FN:9,(anonymous_3)
FN:10,fulfilled
FN:17,rejected
FN:24,step
FN:30,(anonymous_7)
FN:33,(anonymous_8)
FN:44,(anonymous_9)
FN:47,verb
FN:48,(anonymous_11)
FN:52,step
FN:122,(anonymous_13)
FN:140,(anonymous_14)
FN:146,(anonymous_15)
FN:147,(anonymous_16)
FN:149,(anonymous_17)
FN:175,(anonymous_18)
FN:178,(anonymous_19)
FN:181,(anonymous_20)
FN:184,(anonymous_21)
FN:187,(anonymous_22)
FN:190,(anonymous_23)
FN:202,(anonymous_24)
FN:262,render
FN:284,(anonymous_26)
FN:322,(anonymous_27)
FN:368,(anonymous_28)
FN:402,(anonymous_29)
FN:429,(anonymous_30)
FN:454,(anonymous_31)
FNF:32
FNH:16
FNDA:4,(anonymous_0)
FNDA:0,adopt
FNDA:0,(anonymous_2)
FNDA:4,(anonymous_3)
FNDA:0,fulfilled
FNDA:0,rejected
FNDA:4,step
FNDA:4,(anonymous_7)
FNDA:0,(anonymous_8)
FNDA:0,(anonymous_9)
FNDA:12,verb
FNDA:4,(anonymous_11)
FNDA:4,step
FNDA:4,(anonymous_13)
FNDA:4,(anonymous_14)
FNDA:4,(anonymous_15)
FNDA:4,(anonymous_16)
FNDA:8,(anonymous_17)
FNDA:0,(anonymous_18)
FNDA:4,(anonymous_19)
FNDA:4,(anonymous_20)
FNDA:0,(anonymous_21)
FNDA:0,(anonymous_22)
FNDA:0,(anonymous_23)
FNDA:0,(anonymous_24)
FNDA:4,render
FNDA:0,(anonymous_26)
FNDA:0,(anonymous_27)
FNDA:0,(anonymous_28)
FNDA:0,(anonymous_29)
FNDA:0,(anonymous_30)
FNDA:4,(anonymous_31)
DA:3,1
DA:5,0
DA:6,0
DA:9,4
DA:11,0
DA:12,0
DA:14,0
DA:18,0
DA:19,0
DA:21,0
DA:25,4
DA:27,4
DA:30,1
DA:31,4
DA:34,0
DA:35,0
DA:43,4
DA:44,4
DA:45,0
DA:48,12
DA:49,4
DA:53,4
DA:54,12
DA:55,12
DA:56,12
DA:57,12
DA:60,4
DA:61,4
DA:63,0
DA:64,0
DA:69,0
DA:70,0
DA:71,0
DA:72,0
DA:74,0
DA:75,0
DA:76,0
DA:78,8
DA:79,4
DA:80,4
DA:82,4
DA:83,4
DA:84,4
DA:86,0
DA:87,0
DA:88,0
DA:89,0
DA:91,0
DA:92,0
DA:93,0
DA:94,0
DA:96,0
DA:97,0
DA:98,0
DA:100,8
DA:102,0
DA:103,0
DA:105,12
DA:107,4
DA:108,4
DA:114,1
DA:117,1
DA:118,1
DA:119,1
DA:120,1
DA:123,4
DA:124,4
DA:125,4
DA:126,4
DA:129,4
DA:130,4
DA:131,4
DA:132,4
DA:133,4
DA:138,4
DA:139,4
DA:140,4
DA:142,4
DA:143,0
DA:146,4
DA:147,4
DA:149,4
DA:150,8
DA:152,4
DA:153,0
DA:154,0
DA:155,0
DA:157,0
DA:158,0
DA:159,0
DA:161,4
DA:168,4
DA:176,0
DA:179,4
DA:182,4
DA:185,0
DA:188,0
DA:191,0
DA:194,4
DA:198,4
DA:202,1
DA:203,0
DA:204,0
DA:205,0
DA:206,0
DA:209,0
DA:211,1
DA:212,1
DA:213,1
DA:214,1
DA:215,1
DA:216,1
DA:220,1
DA:221,1
DA:222,1
DA:223,1
DA:224,1
DA:225,1
DA:226,1
DA:227,1
DA:228,1
DA:229,1
DA:230,1
DA:231,1
DA:232,1
DA:233,1
DA:234,1
DA:235,1
DA:236,1
DA:237,1
DA:238,1
DA:242,1
DA:243,1
DA:244,1
DA:248,1
DA:249,1
DA:250,1
DA:254,1
DA:255,1
DA:256,1
DA:257,1
DA:258,1
DA:259,1
DA:260,1
DA:261,1
DA:264,4
DA:265,4
DA:284,0
DA:322,0
DA:369,0
DA:402,0
DA:429,0
DA:454,4
DA:469,1
LF:154
LH:100
BRDA:3,0,0,1
BRDA:3,0,1,1
BRDA:3,0,2,1
BRDA:5,1,0,0
BRDA:5,1,1,0
BRDA:9,2,0,4
BRDA:9,2,1,4
BRDA:25,3,0,4
BRDA:25,3,1,0
BRDA:27,4,0,4
BRDA:27,4,1,4
BRDA:30,5,0,1
BRDA:30,5,1,1
BRDA:30,5,2,1
BRDA:34,6,0,0
BRDA:34,6,1,0
BRDA:43,7,0,4
BRDA:43,7,1,0
BRDA:44,8,0,4
BRDA:44,8,1,4
BRDA:53,9,0,0
BRDA:53,9,1,4
BRDA:54,10,0,16
BRDA:54,10,1,4
BRDA:54,11,0,4
BRDA:54,11,1,0
BRDA:55,12,0,0
BRDA:55,12,1,12
BRDA:55,13,0,12
BRDA:55,13,1,0
BRDA:55,13,2,0
BRDA:55,14,0,0
BRDA:55,14,1,0
BRDA:55,15,0,0
BRDA:55,15,1,0
BRDA:55,16,0,0
BRDA:55,16,1,0
BRDA:55,17,0,0
BRDA:55,17,1,0
BRDA:56,18,0,0
BRDA:56,18,1,12
BRDA:57,19,0,4
BRDA:57,19,1,4
BRDA:57,19,2,0
BRDA:57,19,3,0
BRDA:57,19,4,0
BRDA:57,19,5,8
BRDA:78,20,0,4
BRDA:78,20,1,4
BRDA:78,21,0,8
BRDA:78,21,1,8
BRDA:78,21,2,8
BRDA:78,22,0,8
BRDA:78,22,1,0
BRDA:82,23,0,4
BRDA:82,23,1,0
BRDA:82,24,0,4
BRDA:82,24,1,4
BRDA:82,24,2,0
BRDA:82,24,3,0
BRDA:86,25,0,0
BRDA:86,25,1,0
BRDA:86,26,0,0
BRDA:86,26,1,0
BRDA:91,27,0,0
BRDA:91,27,1,0
BRDA:91,28,0,0
BRDA:91,28,1,0
BRDA:96,29,0,0
BRDA:96,29,1,0
BRDA:107,30,0,0
BRDA:107,30,1,4
BRDA:109,31,0,4
BRDA:109,31,1,0
BRDA:142,32,0,0
BRDA:142,32,1,4
BRDA:142,33,0,4
BRDA:142,33,1,0
BRDA:142,34,0,0
BRDA:142,34,1,0
BRDA:142,35,0,0
BRDA:142,35,1,0
BRDA:142,36,0,0
BRDA:142,36,1,0
BRDA:142,37,0,0
BRDA:142,37,1,0
BRDA:150,38,0,4
BRDA:150,38,1,0
BRDA:150,38,2,4
BRDA:152,39,0,4
BRDA:152,39,1,0
BRDA:152,40,0,4
BRDA:152,40,1,0
BRDA:202,41,0,1
BRDA:202,41,1,1
BRDA:202,41,2,1
BRDA:203,42,0,0
BRDA:203,42,1,0
BRDA:203,43,0,0
BRDA:203,43,1,0
BRDA:204,44,0,0
BRDA:204,44,1,0
BRDA:204,45,0,0
BRDA:204,45,1,0
BRDA:205,46,0,0
BRDA:205,46,1,0
BRDA:209,47,0,0
BRDA:209,47,1,0
BRDA:268,48,0,4
BRDA:268,48,1,4
BRDA:272,49,0,0
BRDA:272,49,1,4
BRDA:278,50,0,0
BRDA:278,50,1,0
BRDA:278,51,0,0
BRDA:278,51,1,0
BRDA:278,52,0,0
BRDA:278,52,1,0
BRDA:292,53,0,0
BRDA:292,53,1,0
BRDA:294,54,0,0
BRDA:294,54,1,0
BRDA:298,55,0,0
BRDA:298,55,1,0
BRDA:312,56,0,0
BRDA:312,56,1,0
BRDA:316,57,0,0
BRDA:316,57,1,0
BRDA:316,58,0,0
BRDA:316,58,1,0
BRDA:316,59,0,0
BRDA:316,59,1,0
BRDA:330,60,0,0
BRDA:330,60,1,0
BRDA:332,61,0,0
BRDA:332,61,1,0
BRDA:336,62,0,0
BRDA:336,62,1,0
BRDA:350,63,0,0
BRDA:350,63,1,0
BRDA:357,64,0,0
BRDA:357,64,1,0
BRDA:366,65,0,0
BRDA:366,65,1,0
BRDA:366,66,0,0
BRDA:366,66,1,0
BRDA:366,67,0,0
BRDA:366,67,1,0
BRDA:366,68,0,0
BRDA:366,68,1,0
BRDA:366,69,0,0
BRDA:366,69,1,0
BRDA:368,70,0,0
BRDA:368,70,1,0
BRDA:368,71,0,0
BRDA:368,71,1,0
BRDA:376,72,0,0
BRDA:376,72,1,0
BRDA:389,73,0,0
BRDA:389,73,1,0
BRDA:396,74,0,0
BRDA:396,74,1,0
BRDA:397,75,0,0
BRDA:397,75,1,0
BRDA:403,76,0,0
BRDA:403,76,1,0
BRDA:409,77,0,0
BRDA:409,77,1,0
BRDA:409,78,0,0
BRDA:409,78,1,0
BRDA:409,79,0,0
BRDA:409,79,1,0
BRDA:418,80,0,0
BRDA:418,80,1,0
BRDA:421,81,0,0
BRDA:421,81,1,0
BRDA:423,82,0,0
BRDA:423,82,1,0
BRDA:429,83,0,0
BRDA:429,83,1,0
BRDA:441,84,0,4
BRDA:441,84,1,4
BRDA:448,85,0,4
BRDA:448,85,1,4
BRDA:449,86,0,4
BRDA:449,86,1,4
BRDA:455,87,0,4
BRDA:455,87,1,4
BRF:188
BRH:55
end_of_record
TN:
SF:pages\leaderboard.vue
FN:3,(anonymous_0)
FN:4,adopt
FN:5,(anonymous_2)
FN:9,(anonymous_3)
FN:10,fulfilled
FN:17,rejected
FN:24,step
FN:30,(anonymous_7)
FN:33,(anonymous_8)
FN:44,(anonymous_9)
FN:47,verb
FN:48,(anonymous_11)
FN:52,step
FN:121,(anonymous_13)
FN:146,(anonymous_14)
FN:147,(anonymous_15)
FN:150,(anonymous_16)
FN:182,(anonymous_17)
FN:185,(anonymous_18)
FN:190,(anonymous_19)
FN:214,(anonymous_20)
FN:217,(anonymous_21)
FN:220,(anonymous_22)
FN:232,(anonymous_23)
FN:276,render
FN:288,(anonymous_25)
FN:291,(anonymous_26)
FN:300,(anonymous_27)
FN:303,(anonymous_28)
FN:327,(anonymous_29)
FNF:30
FNH:0
FNDA:0,(anonymous_0)
FNDA:0,adopt
FNDA:0,(anonymous_2)
FNDA:0,(anonymous_3)
FNDA:0,fulfilled
FNDA:0,rejected
FNDA:0,step
FNDA:0,(anonymous_7)
FNDA:0,(anonymous_8)
FNDA:0,(anonymous_9)
FNDA:0,verb
FNDA:0,(anonymous_11)
FNDA:0,step
FNDA:0,(anonymous_13)
FNDA:0,(anonymous_14)
FNDA:0,(anonymous_15)
FNDA:0,(anonymous_16)
FNDA:0,(anonymous_17)
FNDA:0,(anonymous_18)
FNDA:0,(anonymous_19)
FNDA:0,(anonymous_20)
FNDA:0,(anonymous_21)
FNDA:0,(anonymous_22)
FNDA:0,(anonymous_23)
FNDA:0,render
FNDA:0,(anonymous_25)
FNDA:0,(anonymous_26)
FNDA:0,(anonymous_27)
FNDA:0,(anonymous_28)
FNDA:0,(anonymous_29)
DA:3,0
DA:5,0
DA:6,0
DA:9,0
DA:11,0
DA:12,0
DA:14,0
DA:18,0
DA:19,0
DA:21,0
DA:25,0
DA:27,0
DA:30,0
DA:31,0
DA:34,0
DA:35,0
DA:43,0
DA:44,0
DA:45,0
DA:48,0
DA:49,0
DA:53,0
DA:54,0
DA:55,0
DA:56,0
DA:57,0
DA:60,0
DA:61,0
DA:63,0
DA:64,0
DA:69,0
DA:70,0
DA:71,0
DA:72,0
DA:74,0
DA:75,0
DA:76,0
DA:78,0
DA:79,0
DA:80,0
DA:82,0
DA:83,0
DA:84,0
DA:86,0
DA:87,0
DA:88,0
DA:89,0
DA:91,0
DA:92,0
DA:93,0
DA:94,0
DA:96,0
DA:97,0
DA:98,0
DA:100,0
DA:102,0
DA:103,0
DA:105,0
DA:107,0
DA:108,0
DA:114,0
DA:117,0
DA:118,0
DA:119,0
DA:122,0
DA:123,0
DA:124,0
DA:125,0
DA:128,0
DA:129,0
DA:130,0
DA:131,0
DA:132,0
DA:133,0
DA:146,0
DA:147,0
DA:150,0
DA:151,0
DA:153,0
DA:154,0
DA:155,0
DA:157,0
DA:158,0
DA:165,0
DA:166,0
DA:167,0
DA:169,0
DA:170,0
DA:171,0
DA:173,0
DA:174,0
DA:176,0
DA:182,0
DA:184,0
DA:186,0
DA:190,0
DA:191,0
DA:195,0
DA:199,0
DA:203,0
DA:205,0
DA:215,0
DA:218,0
DA:221,0
DA:224,0
DA:228,0
DA:232,0
DA:233,0
DA:234,0
DA:235,0
DA:236,0
DA:239,0
DA:241,0
DA:242,0
DA:243,0
DA:244,0
DA:245,0
DA:246,0
DA:247,0
DA:248,0
DA:249,0
DA:250,0
DA:251,0
DA:255,0
DA:259,0
DA:260,0
DA:264,0
DA:265,0
DA:269,0
DA:270,0
DA:271,0
DA:272,0
DA:273,0
DA:274,0
DA:275,0
DA:277,0
DA:289,0
DA:291,0
DA:300,0
DA:304,0
DA:329,0
DA:368,0
LF:142
LH:0
BRDA:3,0,0,0
BRDA:3,0,1,0
BRDA:3,0,2,0
BRDA:5,1,0,0
BRDA:5,1,1,0
BRDA:9,2,0,0
BRDA:9,2,1,0
BRDA:25,3,0,0
BRDA:25,3,1,0
BRDA:27,4,0,0
BRDA:27,4,1,0
BRDA:30,5,0,0
BRDA:30,5,1,0
BRDA:30,5,2,0
BRDA:34,6,0,0
BRDA:34,6,1,0
BRDA:43,7,0,0
BRDA:43,7,1,0
BRDA:44,8,0,0
BRDA:44,8,1,0
BRDA:53,9,0,0
BRDA:53,9,1,0
BRDA:54,10,0,0
BRDA:54,10,1,0
BRDA:54,11,0,0
BRDA:54,11,1,0
BRDA:55,12,0,0
BRDA:55,12,1,0
BRDA:55,13,0,0
BRDA:55,13,1,0
BRDA:55,13,2,0
BRDA:55,14,0,0
BRDA:55,14,1,0
BRDA:55,15,0,0
BRDA:55,15,1,0
BRDA:55,16,0,0
BRDA:55,16,1,0
BRDA:55,17,0,0
BRDA:55,17,1,0
BRDA:56,18,0,0
BRDA:56,18,1,0
BRDA:57,19,0,0
BRDA:57,19,1,0
BRDA:57,19,2,0
BRDA:57,19,3,0
BRDA:57,19,4,0
BRDA:57,19,5,0
BRDA:78,20,0,0
BRDA:78,20,1,0
BRDA:78,21,0,0
BRDA:78,21,1,0
BRDA:78,21,2,0
BRDA:78,22,0,0
BRDA:78,22,1,0
BRDA:82,23,0,0
BRDA:82,23,1,0
BRDA:82,24,0,0
BRDA:82,24,1,0
BRDA:82,24,2,0
BRDA:82,24,3,0
BRDA:86,25,0,0
BRDA:86,25,1,0
BRDA:86,26,0,0
BRDA:86,26,1,0
BRDA:91,27,0,0
BRDA:91,27,1,0
BRDA:91,28,0,0
BRDA:91,28,1,0
BRDA:96,29,0,0
BRDA:96,29,1,0
BRDA:107,30,0,0
BRDA:107,30,1,0
BRDA:109,31,0,0
BRDA:109,31,1,0
BRDA:151,32,0,0
BRDA:151,32,1,0
BRDA:151,32,2,0
BRDA:151,32,3,0
BRDA:151,32,4,0
BRDA:151,32,5,0
BRDA:153,33,0,0
BRDA:153,33,1,0
BRDA:153,34,0,0
BRDA:153,34,1,0
BRDA:153,35,0,0
BRDA:153,35,1,0
BRDA:184,36,0,0
BRDA:184,36,1,0
BRDA:184,37,0,0
BRDA:184,37,1,0
BRDA:191,38,0,0
BRDA:191,38,1,0
BRDA:195,39,0,0
BRDA:195,39,1,0
BRDA:199,40,0,0
BRDA:199,40,1,0
BRDA:232,41,0,0
BRDA:232,41,1,0
BRDA:232,41,2,0
BRDA:233,42,0,0
BRDA:233,42,1,0
BRDA:233,43,0,0
BRDA:233,43,1,0
BRDA:234,44,0,0
BRDA:234,44,1,0
BRDA:234,45,0,0
BRDA:234,45,1,0
BRDA:235,46,0,0
BRDA:235,46,1,0
BRDA:239,47,0,0
BRDA:239,47,1,0
BRDA:282,48,0,0
BRDA:282,48,1,0
BRDA:284,49,0,0
BRDA:284,49,1,0
BRDA:292,50,0,0
BRDA:292,50,1,0
BRDA:300,51,0,0
BRDA:300,51,1,0
BRDA:313,52,0,0
BRDA:313,52,1,0
BRDA:314,53,0,0
BRDA:314,53,1,0
BRDA:317,54,0,0
BRDA:317,54,1,0
BRDA:322,55,0,0
BRDA:322,55,1,0
BRDA:323,56,0,0
BRDA:323,56,1,0
BRDA:324,57,0,0
BRDA:324,57,1,0
BRDA:335,58,0,0
BRDA:335,58,1,0
BRDA:336,59,0,0
BRDA:336,59,1,0
BRDA:336,60,0,0
BRDA:336,60,1,0
BRDA:338,61,0,0
BRDA:338,61,1,0
BRDA:338,62,0,0
BRDA:338,62,1,0
BRDA:355,63,0,0
BRDA:355,63,1,0
BRDA:359,64,0,0
BRDA:359,64,1,0
BRF:145
BRH:0
end_of_record
TN:
SF:pages\login.vue
FN:7,(anonymous_0)
FN:8,adopt
FN:9,(anonymous_2)
FN:13,(anonymous_3)
FN:14,fulfilled
FN:21,rejected
FN:28,step
FN:38,(anonymous_7)
FN:41,(anonymous_8)
FN:52,(anonymous_9)
FN:55,verb
FN:56,(anonymous_11)
FN:60,step
FN:129,(anonymous_13)
FN:141,(anonymous_14)
FN:142,(anonymous_15)
FN:144,(anonymous_16)
FN:187,(anonymous_17)
FN:190,(anonymous_18)
FN:193,(anonymous_19)
FN:196,(anonymous_20)
FN:199,(anonymous_21)
FN:233,render
FN:266,(anonymous_23)
FN:284,(anonymous_24)
FNF:25
FNH:0
FNDA:0,(anonymous_0)
FNDA:0,adopt
FNDA:0,(anonymous_2)
FNDA:0,(anonymous_3)
FNDA:0,fulfilled
FNDA:0,rejected
FNDA:0,step
FNDA:0,(anonymous_7)
FNDA:0,(anonymous_8)
FNDA:0,(anonymous_9)
FNDA:0,verb
FNDA:0,(anonymous_11)
FNDA:0,step
FNDA:0,(anonymous_13)
FNDA:0,(anonymous_14)
FNDA:0,(anonymous_15)
FNDA:0,(anonymous_16)
FNDA:0,(anonymous_17)
FNDA:0,(anonymous_18)
FNDA:0,(anonymous_19)
FNDA:0,(anonymous_20)
FNDA:0,(anonymous_21)
FNDA:0,render
FNDA:0,(anonymous_23)
FNDA:0,(anonymous_24)
DA:5,0
DA:9,0
DA:10,0
DA:13,0
DA:15,0
DA:16,0
DA:18,0
DA:22,0
DA:23,0
DA:25,0
DA:29,0
DA:31,0
DA:36,0
DA:39,0
DA:42,0
DA:43,0
DA:51,0
DA:52,0
DA:53,0
DA:56,0
DA:57,0
DA:61,0
DA:62,0
DA:63,0
DA:64,0
DA:65,0
DA:68,0
DA:69,0
DA:71,0
DA:72,0
DA:77,0
DA:78,0
DA:79,0
DA:80,0
DA:82,0
DA:83,0
DA:84,0
DA:86,0
DA:87,0
DA:88,0
DA:90,0
DA:91,0
DA:92,0
DA:94,0
DA:95,0
DA:96,0
DA:97,0
DA:99,0
DA:100,0
DA:101,0
DA:102,0
DA:104,0
DA:105,0
DA:106,0
DA:108,0
DA:110,0
DA:111,0
DA:113,0
DA:115,0
DA:116,0
DA:122,0
DA:125,0
DA:126,0
DA:127,0
DA:130,0
DA:131,0
DA:132,0
DA:133,0
DA:134,0
DA:135,0
DA:139,0
DA:140,0
DA:141,0
DA:142,0
DA:144,0
DA:145,0
DA:147,0
DA:148,0
DA:149,0
DA:151,0
DA:152,0
DA:156,0
DA:157,0
DA:158,0
DA:160,0
DA:162,0
DA:164,0
DA:165,0
DA:166,0
DA:168,0
DA:169,0
DA:171,0
DA:176,0
DA:180,0
DA:188,0
DA:191,0
DA:194,0
DA:197,0
DA:200,0
DA:203,0
DA:207,0
DA:211,0
DA:212,0
DA:213,0
DA:214,0
DA:215,0
DA:216,0
DA:217,0
DA:218,0
DA:219,0
DA:220,0
DA:221,0
DA:222,0
DA:223,0
DA:224,0
DA:228,0
DA:229,0
DA:234,0
DA:266,0
DA:284,0
DA:331,0
LF:121
LH:0
BRDA:5,0,0,0
BRDA:5,0,1,0
BRDA:9,1,0,0
BRDA:9,1,1,0
BRDA:13,2,0,0
BRDA:13,2,1,0
BRDA:29,3,0,0
BRDA:29,3,1,0
BRDA:31,4,0,0
BRDA:31,4,1,0
BRDA:36,5,0,0
BRDA:36,5,1,0
BRDA:42,6,0,0
BRDA:42,6,1,0
BRDA:51,7,0,0
BRDA:51,7,1,0
BRDA:52,8,0,0
BRDA:52,8,1,0
BRDA:61,9,0,0
BRDA:61,9,1,0
BRDA:62,10,0,0
BRDA:62,10,1,0
BRDA:62,11,0,0
BRDA:62,11,1,0
BRDA:63,12,0,0
BRDA:63,12,1,0
BRDA:63,13,0,0
BRDA:63,13,1,0
BRDA:63,13,2,0
BRDA:63,14,0,0
BRDA:63,14,1,0
BRDA:63,15,0,0
BRDA:63,15,1,0
BRDA:63,16,0,0
BRDA:63,16,1,0
BRDA:63,17,0,0
BRDA:63,17,1,0
BRDA:64,18,0,0
BRDA:64,18,1,0
BRDA:65,19,0,0
BRDA:65,19,1,0
BRDA:65,19,2,0
BRDA:65,19,3,0
BRDA:65,19,4,0
BRDA:65,19,5,0
BRDA:86,20,0,0
BRDA:86,20,1,0
BRDA:86,21,0,0
BRDA:86,21,1,0
BRDA:86,21,2,0
BRDA:86,22,0,0
BRDA:86,22,1,0
BRDA:90,23,0,0
BRDA:90,23,1,0
BRDA:90,24,0,0
BRDA:90,24,1,0
BRDA:90,24,2,0
BRDA:90,24,3,0
BRDA:94,25,0,0
BRDA:94,25,1,0
BRDA:94,26,0,0
BRDA:94,26,1,0
BRDA:99,27,0,0
BRDA:99,27,1,0
BRDA:99,28,0,0
BRDA:99,28,1,0
BRDA:104,29,0,0
BRDA:104,29,1,0
BRDA:115,30,0,0
BRDA:115,30,1,0
BRDA:117,31,0,0
BRDA:117,31,1,0
BRDA:145,32,0,0
BRDA:145,32,1,0
BRDA:145,32,2,0
BRDA:145,32,3,0
BRDA:145,32,4,0
BRDA:145,32,5,0
BRDA:157,33,0,0
BRDA:157,33,1,0
BRDA:157,34,0,0
BRDA:157,34,1,0
BRDA:157,35,0,0
BRDA:157,35,1,0
BRDA:236,36,0,0
BRDA:236,36,1,0
BRDA:247,37,0,0
BRDA:247,37,1,0
BRDA:251,38,0,0
BRDA:251,38,1,0
BRDA:259,39,0,0
BRDA:259,39,1,0
BRDA:266,40,0,0
BRDA:266,40,1,0
BRDA:277,41,0,0
BRDA:277,41,1,0
BRDA:284,42,0,0
BRDA:284,42,1,0
BRDA:294,43,0,0
BRDA:294,43,1,0
BRDA:302,44,0,0
BRDA:302,44,1,0
BRDA:309,45,0,0
BRDA:309,45,1,0
BRDA:317,46,0,0
BRDA:317,46,1,0
BRDA:327,47,0,0
BRDA:327,47,1,0
BRF:108
BRH:0
end_of_record
TN:
SF:pages\players.vue
FN:3,(anonymous_0)
FN:4,adopt
FN:5,(anonymous_2)
FN:9,(anonymous_3)
FN:10,fulfilled
FN:17,rejected
FN:24,step
FN:30,(anonymous_7)
FN:33,(anonymous_8)
FN:44,(anonymous_9)
FN:47,verb
FN:48,(anonymous_11)
FN:52,step
FN:122,(anonymous_13)
FN:132,(anonymous_14)
FN:144,(anonymous_15)
FN:147,(anonymous_16)
FN:152,(anonymous_17)
FN:155,(anonymous_18)
FN:158,(anonymous_19)
FN:170,(anonymous_20)
FN:174,(anonymous_21)
FN:178,(anonymous_22)
FN:182,(anonymous_23)
FN:188,(anonymous_24)
FN:189,(anonymous_25)
FN:190,(anonymous_26)
FN:206,(anonymous_27)
FN:207,(anonymous_28)
FN:209,(anonymous_29)
FN:236,(anonymous_30)
FN:237,(anonymous_31)
FN:239,(anonymous_32)
FN:259,(anonymous_33)
FN:263,(anonymous_34)
FN:267,(anonymous_35)
FN:268,(anonymous_36)
FN:270,(anonymous_37)
FN:290,(anonymous_38)
FN:312,(anonymous_39)
FN:315,(anonymous_40)
FN:318,(anonymous_41)
FN:321,(anonymous_42)
FN:324,(anonymous_43)
FN:327,(anonymous_44)
FN:330,(anonymous_45)
FN:333,(anonymous_46)
FN:336,(anonymous_47)
FN:339,(anonymous_48)
FN:342,(anonymous_49)
FN:345,(anonymous_50)
FN:348,(anonymous_51)
FN:351,(anonymous_52)
FN:432,render
FN:450,(anonymous_54)
FN:460,(anonymous_55)
FN:469,(anonymous_56)
FN:485,(anonymous_57)
FN:503,(anonymous_58)
FN:518,(anonymous_59)
FN:555,(anonymous_60)
FN:617,(anonymous_61)
FN:632,(anonymous_62)
FNF:63
FNH:0
FNDA:0,(anonymous_0)
FNDA:0,adopt
FNDA:0,(anonymous_2)
FNDA:0,(anonymous_3)
FNDA:0,fulfilled
FNDA:0,rejected
FNDA:0,step
FNDA:0,(anonymous_7)
FNDA:0,(anonymous_8)
FNDA:0,(anonymous_9)
FNDA:0,verb
FNDA:0,(anonymous_11)
FNDA:0,step
FNDA:0,(anonymous_13)
FNDA:0,(anonymous_14)
FNDA:0,(anonymous_15)
FNDA:0,(anonymous_16)
FNDA:0,(anonymous_17)
FNDA:0,(anonymous_18)
FNDA:0,(anonymous_19)
FNDA:0,(anonymous_20)
FNDA:0,(anonymous_21)
FNDA:0,(anonymous_22)
FNDA:0,(anonymous_23)
FNDA:0,(anonymous_24)
FNDA:0,(anonymous_25)
FNDA:0,(anonymous_26)
FNDA:0,(anonymous_27)
FNDA:0,(anonymous_28)
FNDA:0,(anonymous_29)
FNDA:0,(anonymous_30)
FNDA:0,(anonymous_31)
FNDA:0,(anonymous_32)
FNDA:0,(anonymous_33)
FNDA:0,(anonymous_34)
FNDA:0,(anonymous_35)
FNDA:0,(anonymous_36)
FNDA:0,(anonymous_37)
FNDA:0,(anonymous_38)
FNDA:0,(anonymous_39)
FNDA:0,(anonymous_40)
FNDA:0,(anonymous_41)
FNDA:0,(anonymous_42)
FNDA:0,(anonymous_43)
FNDA:0,(anonymous_44)
FNDA:0,(anonymous_45)
FNDA:0,(anonymous_46)
FNDA:0,(anonymous_47)
FNDA:0,(anonymous_48)
FNDA:0,(anonymous_49)
FNDA:0,(anonymous_50)
FNDA:0,(anonymous_51)
FNDA:0,(anonymous_52)
FNDA:0,render
FNDA:0,(anonymous_54)
FNDA:0,(anonymous_55)
FNDA:0,(anonymous_56)
FNDA:0,(anonymous_57)
FNDA:0,(anonymous_58)
FNDA:0,(anonymous_59)
FNDA:0,(anonymous_60)
FNDA:0,(anonymous_61)
FNDA:0,(anonymous_62)
DA:3,0
DA:5,0
DA:6,0
DA:9,0
DA:11,0
DA:12,0
DA:14,0
DA:18,0
DA:19,0
DA:21,0
DA:25,0
DA:27,0
DA:30,0
DA:31,0
DA:34,0
DA:35,0
DA:43,0
DA:44,0
DA:45,0
DA:48,0
DA:49,0
DA:53,0
DA:54,0
DA:55,0
DA:56,0
DA:57,0
DA:60,0
DA:61,0
DA:63,0
DA:64,0
DA:69,0
DA:70,0
DA:71,0
DA:72,0
DA:74,0
DA:75,0
DA:76,0
DA:78,0
DA:79,0
DA:80,0
DA:82,0
DA:83,0
DA:84,0
DA:86,0
DA:87,0
DA:88,0
DA:89,0
DA:91,0
DA:92,0
DA:93,0
DA:94,0
DA:96,0
DA:97,0
DA:98,0
DA:100,0
DA:102,0
DA:103,0
DA:105,0
DA:107,0
DA:108,0
DA:114,0
DA:117,0
DA:118,0
DA:119,0
DA:120,0
DA:123,0
DA:124,0
DA:125,0
DA:126,0
DA:129,0
DA:130,0
DA:131,0
DA:132,0
DA:135,0
DA:137,0
DA:139,0
DA:140,0
DA:141,0
DA:142,0
DA:143,0
DA:144,0
DA:145,0
DA:146,0
DA:147,0
DA:148,0
DA:152,0
DA:153,0
DA:155,0
DA:156,0
DA:157,0
DA:158,0
DA:159,0
DA:160,0
DA:161,0
DA:162,0
DA:163,0
DA:164,0
DA:167,0
DA:169,0
DA:172,0
DA:176,0
DA:180,0
DA:184,0
DA:188,0
DA:189,0
DA:190,0
DA:191,0
DA:193,0
DA:194,0
DA:196,0
DA:197,0
DA:199,0
DA:206,0
DA:207,0
DA:209,0
DA:210,0
DA:212,0
DA:214,0
DA:215,0
DA:216,0
DA:218,0
DA:219,0
DA:220,0
DA:222,0
DA:225,0
DA:226,0
DA:228,0
DA:229,0
DA:231,0
DA:236,0
DA:237,0
DA:239,0
DA:240,0
DA:242,0
DA:244,0
DA:245,0
DA:246,0
DA:248,0
DA:249,0
DA:250,0
DA:252,0
DA:254,0
DA:259,0
DA:260,0
DA:261,0
DA:263,0
DA:264,0
DA:265,0
DA:267,0
DA:268,0
DA:270,0
DA:271,0
DA:273,0
DA:274,0
DA:275,0
DA:277,0
DA:279,0
DA:280,0
DA:281,0
DA:283,0
DA:285,0
DA:290,0
DA:291,0
DA:292,0
DA:294,0
DA:313,0
DA:316,0
DA:319,0
DA:322,0
DA:325,0
DA:328,0
DA:331,0
DA:334,0
DA:337,0
DA:340,0
DA:343,0
DA:346,0
DA:349,0
DA:352,0
DA:355,0
DA:359,0
DA:363,0
DA:364,0
DA:365,0
DA:366,0
DA:367,0
DA:368,0
DA:369,0
DA:370,0
DA:371,0
DA:375,0
DA:376,0
DA:377,0
DA:378,0
DA:379,0
DA:380,0
DA:384,0
DA:385,0
DA:389,0
DA:393,0
DA:394,0
DA:395,0
DA:396,0
DA:397,0
DA:398,0
DA:402,0
DA:403,0
DA:404,0
DA:408,0
DA:409,0
DA:410,0
DA:414,0
DA:415,0
DA:416,0
DA:420,0
DA:421,0
DA:422,0
DA:426,0
DA:427,0
DA:431,0
DA:433,0
DA:434,0
DA:450,0
DA:460,0
DA:469,0
DA:487,0
DA:503,0
DA:518,0
DA:555,0
DA:617,0
DA:632,0
DA:648,0
LF:232
LH:0
BRDA:3,0,0,0
BRDA:3,0,1,0
BRDA:3,0,2,0
BRDA:5,1,0,0
BRDA:5,1,1,0
BRDA:9,2,0,0
BRDA:9,2,1,0
BRDA:25,3,0,0
BRDA:25,3,1,0
BRDA:27,4,0,0
BRDA:27,4,1,0
BRDA:30,5,0,0
BRDA:30,5,1,0
BRDA:30,5,2,0
BRDA:34,6,0,0
BRDA:34,6,1,0
BRDA:43,7,0,0
BRDA:43,7,1,0
BRDA:44,8,0,0
BRDA:44,8,1,0
BRDA:53,9,0,0
BRDA:53,9,1,0
BRDA:54,10,0,0
BRDA:54,10,1,0
BRDA:54,11,0,0
BRDA:54,11,1,0
BRDA:55,12,0,0
BRDA:55,12,1,0
BRDA:55,13,0,0
BRDA:55,13,1,0
BRDA:55,13,2,0
BRDA:55,14,0,0
BRDA:55,14,1,0
BRDA:55,15,0,0
BRDA:55,15,1,0
BRDA:55,16,0,0
BRDA:55,16,1,0
BRDA:55,17,0,0
BRDA:55,17,1,0
BRDA:56,18,0,0
BRDA:56,18,1,0
BRDA:57,19,0,0
BRDA:57,19,1,0
BRDA:57,19,2,0
BRDA:57,19,3,0
BRDA:57,19,4,0
BRDA:57,19,5,0
BRDA:78,20,0,0
BRDA:78,20,1,0
BRDA:78,21,0,0
BRDA:78,21,1,0
BRDA:78,21,2,0
BRDA:78,22,0,0
BRDA:78,22,1,0
BRDA:82,23,0,0
BRDA:82,23,1,0
BRDA:82,24,0,0
BRDA:82,24,1,0
BRDA:82,24,2,0
BRDA:82,24,3,0
BRDA:86,25,0,0
BRDA:86,25,1,0
BRDA:86,26,0,0
BRDA:86,26,1,0
BRDA:91,27,0,0
BRDA:91,27,1,0
BRDA:91,28,0,0
BRDA:91,28,1,0
BRDA:96,29,0,0
BRDA:96,29,1,0
BRDA:107,30,0,0
BRDA:107,30,1,0
BRDA:109,31,0,0
BRDA:109,31,1,0
BRDA:135,32,0,0
BRDA:135,32,1,0
BRDA:135,33,0,0
BRDA:135,33,1,0
BRDA:135,34,0,0
BRDA:135,34,1,0
BRDA:135,35,0,0
BRDA:135,35,1,0
BRDA:135,36,0,0
BRDA:135,36,1,0
BRDA:137,37,0,0
BRDA:137,37,1,0
BRDA:137,38,0,0
BRDA:137,38,1,0
BRDA:137,39,0,0
BRDA:137,39,1,0
BRDA:137,40,0,0
BRDA:137,40,1,0
BRDA:137,41,0,0
BRDA:137,41,1,0
BRDA:145,42,0,0
BRDA:145,42,1,0
BRDA:160,43,0,0
BRDA:160,43,1,0
BRDA:163,44,0,0
BRDA:163,44,1,0
BRDA:163,45,0,0
BRDA:163,45,1,0
BRDA:167,46,0,0
BRDA:167,46,1,0
BRDA:172,47,0,0
BRDA:172,47,1,0
BRDA:172,48,0,0
BRDA:172,48,1,0
BRDA:172,49,0,0
BRDA:172,49,1,0
BRDA:176,50,0,0
BRDA:176,50,1,0
BRDA:176,51,0,0
BRDA:176,51,1,0
BRDA:176,52,0,0
BRDA:176,52,1,0
BRDA:180,53,0,0
BRDA:180,53,1,0
BRDA:180,54,0,0
BRDA:180,54,1,0
BRDA:180,55,0,0
BRDA:180,55,1,0
BRDA:184,56,0,0
BRDA:184,56,1,0
BRDA:184,57,0,0
BRDA:184,57,1,0
BRDA:184,58,0,0
BRDA:184,58,1,0
BRDA:191,59,0,0
BRDA:191,59,1,0
BRDA:191,59,2,0
BRDA:193,60,0,0
BRDA:193,60,1,0
BRDA:210,61,0,0
BRDA:210,61,1,0
BRDA:210,61,2,0
BRDA:210,61,3,0
BRDA:210,61,4,0
BRDA:210,61,5,0
BRDA:215,62,0,0
BRDA:215,62,1,0
BRDA:219,63,0,0
BRDA:219,63,1,0
BRDA:228,64,0,0
BRDA:228,64,1,0
BRDA:240,65,0,0
BRDA:240,65,1,0
BRDA:240,65,2,0
BRDA:245,66,0,0
BRDA:245,66,1,0
BRDA:249,67,0,0
BRDA:249,67,1,0
BRDA:252,68,0,0
BRDA:252,68,1,0
BRDA:271,69,0,0
BRDA:271,69,1,0
BRDA:273,70,0,0
BRDA:273,70,1,0
BRDA:273,71,0,0
BRDA:273,71,1,0
BRDA:280,72,0,0
BRDA:280,72,1,0
BRDA:291,73,0,0
BRDA:291,73,1,0
BRDA:439,74,0,0
BRDA:439,74,1,0
BRDA:441,75,0,0
BRDA:441,75,1,0
BRDA:445,76,0,0
BRDA:445,76,1,0
BRDA:447,77,0,0
BRDA:447,77,1,0
BRDA:450,78,0,0
BRDA:450,78,1,0
BRDA:454,79,0,0
BRDA:454,79,1,0
BRDA:460,80,0,0
BRDA:460,80,1,0
BRDA:469,81,0,0
BRDA:469,81,1,0
BRDA:478,82,0,0
BRDA:478,82,1,0
BRDA:500,83,0,0
BRDA:500,83,1,0
BRDA:503,84,0,0
BRDA:503,84,1,0
BRDA:532,85,0,0
BRDA:532,85,1,0
BRDA:534,86,0,0
BRDA:534,86,1,0
BRDA:543,87,0,0
BRDA:543,87,1,0
BRDA:552,88,0,0
BRDA:552,88,1,0
BRDA:565,89,0,0
BRDA:565,89,1,0
BRDA:573,90,0,0
BRDA:573,90,1,0
BRDA:573,91,0,0
BRDA:573,91,1,0
BRDA:573,92,0,0
BRDA:573,92,1,0
BRDA:573,93,0,0
BRDA:573,93,1,0
BRDA:573,94,0,0
BRDA:573,94,1,0
BRDA:577,95,0,0
BRDA:577,95,1,0
BRDA:585,96,0,0
BRDA:585,96,1,0
BRDA:585,97,0,0
BRDA:585,97,1,0
BRDA:585,98,0,0
BRDA:585,98,1,0
BRDA:589,99,0,0
BRDA:589,99,1,0
BRDA:597,100,0,0
BRDA:597,100,1,0
BRDA:597,101,0,0
BRDA:597,101,1,0
BRDA:597,102,0,0
BRDA:597,102,1,0
BRDA:601,103,0,0
BRDA:601,103,1,0
BRDA:609,104,0,0
BRDA:609,104,1,0
BRDA:609,105,0,0
BRDA:609,105,1,0
BRDA:609,106,0,0
BRDA:609,106,1,0
BRDA:614,107,0,0
BRDA:614,107,1,0
BRDA:614,108,0,0
BRDA:614,108,1,0
BRDA:614,108,2,0
BRDA:624,109,0,0
BRDA:624,109,1,0
BRDA:629,110,0,0
BRDA:629,110,1,0
BRDA:629,111,0,0
BRDA:629,111,1,0
BRDA:629,111,2,0
BRDA:629,111,3,0
BRDA:629,112,0,0
BRDA:629,112,1,0
BRDA:629,113,0,0
BRDA:629,113,1,0
BRDA:629,114,0,0
BRDA:629,114,1,0
BRDA:629,115,0,0
BRDA:629,115,1,0
BRDA:639,116,0,0
BRDA:639,116,1,0
BRF:253
BRH:0
end_of_record
TN:
SF:pages\profile.vue
FN:3,(anonymous_0)
FN:4,adopt
FN:5,(anonymous_2)
FN:9,(anonymous_3)
FN:10,fulfilled
FN:17,rejected
FN:24,step
FN:30,(anonymous_7)
FN:33,(anonymous_8)
FN:44,(anonymous_9)
FN:47,verb
FN:48,(anonymous_11)
FN:52,step
FN:122,(anonymous_13)
FN:156,(anonymous_14)
FN:160,(anonymous_15)
FN:161,(anonymous_16)
FN:164,(anonymous_17)
FN:201,(anonymous_18)
FN:203,(anonymous_19)
FN:207,(anonymous_20)
FN:208,(anonymous_21)
FN:211,(anonymous_22)
FN:225,(anonymous_23)
FN:237,(anonymous_24)
FN:248,(anonymous_25)
FN:249,(anonymous_26)
FN:252,(anonymous_27)
FN:297,(anonymous_28)
FN:335,(anonymous_29)
FN:338,(anonymous_30)
FN:341,(anonymous_31)
FN:344,(anonymous_32)
FN:347,(anonymous_33)
FN:350,(anonymous_34)
FN:353,(anonymous_35)
FN:356,(anonymous_36)
FN:359,(anonymous_37)
FN:362,(anonymous_38)
FN:365,(anonymous_39)
FN:368,(anonymous_40)
FN:469,render
FN:598,(anonymous_42)
FN:611,(anonymous_43)
FN:644,(anonymous_44)
FN:655,(anonymous_45)
FN:666,(anonymous_46)
FN:704,(anonymous_47)
FN:708,(anonymous_48)
FNF:49
FNH:0
FNDA:0,(anonymous_0)
FNDA:0,adopt
FNDA:0,(anonymous_2)
FNDA:0,(anonymous_3)
FNDA:0,fulfilled
FNDA:0,rejected
FNDA:0,step
FNDA:0,(anonymous_7)
FNDA:0,(anonymous_8)
FNDA:0,(anonymous_9)
FNDA:0,verb
FNDA:0,(anonymous_11)
FNDA:0,step
FNDA:0,(anonymous_13)
FNDA:0,(anonymous_14)
FNDA:0,(anonymous_15)
FNDA:0,(anonymous_16)
FNDA:0,(anonymous_17)
FNDA:0,(anonymous_18)
FNDA:0,(anonymous_19)
FNDA:0,(anonymous_20)
FNDA:0,(anonymous_21)
FNDA:0,(anonymous_22)
FNDA:0,(anonymous_23)
FNDA:0,(anonymous_24)
FNDA:0,(anonymous_25)
FNDA:0,(anonymous_26)
FNDA:0,(anonymous_27)
FNDA:0,(anonymous_28)
FNDA:0,(anonymous_29)
FNDA:0,(anonymous_30)
FNDA:0,(anonymous_31)
FNDA:0,(anonymous_32)
FNDA:0,(anonymous_33)
FNDA:0,(anonymous_34)
FNDA:0,(anonymous_35)
FNDA:0,(anonymous_36)
FNDA:0,(anonymous_37)
FNDA:0,(anonymous_38)
FNDA:0,(anonymous_39)
FNDA:0,(anonymous_40)
FNDA:0,render
FNDA:0,(anonymous_42)
FNDA:0,(anonymous_43)
FNDA:0,(anonymous_44)
FNDA:0,(anonymous_45)
FNDA:0,(anonymous_46)
FNDA:0,(anonymous_47)
FNDA:0,(anonymous_48)
DA:3,0
DA:5,0
DA:6,0
DA:9,0
DA:11,0
DA:12,0
DA:14,0
DA:18,0
DA:19,0
DA:21,0
DA:25,0
DA:27,0
DA:30,0
DA:31,0
DA:34,0
DA:35,0
DA:43,0
DA:44,0
DA:45,0
DA:48,0
DA:49,0
DA:53,0
DA:54,0
DA:55,0
DA:56,0
DA:57,0
DA:60,0
DA:61,0
DA:63,0
DA:64,0
DA:69,0
DA:70,0
DA:71,0
DA:72,0
DA:74,0
DA:75,0
DA:76,0
DA:78,0
DA:79,0
DA:80,0
DA:82,0
DA:83,0
DA:84,0
DA:86,0
DA:87,0
DA:88,0
DA:89,0
DA:91,0
DA:92,0
DA:93,0
DA:94,0
DA:96,0
DA:97,0
DA:98,0
DA:100,0
DA:102,0
DA:103,0
DA:105,0
DA:107,0
DA:108,0
DA:114,0
DA:117,0
DA:118,0
DA:119,0
DA:120,0
DA:123,0
DA:124,0
DA:125,0
DA:126,0
DA:127,0
DA:128,0
DA:129,0
DA:130,0
DA:131,0
DA:132,0
DA:133,0
DA:139,0
DA:146,0
DA:151,0
DA:152,0
DA:153,0
DA:154,0
DA:156,0
DA:158,0
DA:160,0
DA:161,0
DA:164,0
DA:165,0
DA:167,0
DA:168,0
DA:170,0
DA:171,0
DA:172,0
DA:173,0
DA:174,0
DA:175,0
DA:176,0
DA:178,0
DA:179,0
DA:180,0
DA:187,0
DA:188,0
DA:189,0
DA:191,0
DA:192,0
DA:193,0
DA:195,0
DA:196,0
DA:201,0
DA:202,0
DA:203,0
DA:204,0
DA:207,0
DA:208,0
DA:211,0
DA:212,0
DA:214,0
DA:215,0
DA:216,0
DA:217,0
DA:222,0
DA:223,0
DA:224,0
DA:225,0
DA:226,0
DA:229,0
DA:231,0
DA:232,0
DA:237,0
DA:238,0
DA:239,0
DA:241,0
DA:242,0
DA:245,0
DA:248,0
DA:249,0
DA:252,0
DA:253,0
DA:255,0
DA:256,0
DA:257,0
DA:259,0
DA:260,0
DA:261,0
DA:262,0
DA:265,0
DA:266,0
DA:267,0
DA:268,0
DA:270,0
DA:272,0
DA:273,0
DA:274,0
DA:275,0
DA:276,0
DA:277,0
DA:279,0
DA:291,0
DA:292,0
DA:294,0
DA:295,0
DA:296,0
DA:297,0
DA:298,0
DA:300,0
DA:302,0
DA:303,0
DA:304,0
DA:306,0
DA:307,0
DA:312,0
DA:315,0
DA:336,0
DA:339,0
DA:342,0
DA:345,0
DA:348,0
DA:351,0
DA:354,0
DA:357,0
DA:360,0
DA:363,0
DA:366,0
DA:369,0
DA:372,0
DA:376,0
DA:380,0
DA:381,0
DA:382,0
DA:383,0
DA:384,0
DA:385,0
DA:386,0
DA:387,0
DA:391,0
DA:395,0
DA:396,0
DA:397,0
DA:398,0
DA:399,0
DA:400,0
DA:401,0
DA:402,0
DA:403,0
DA:404,0
DA:405,0
DA:406,0
DA:407,0
DA:408,0
DA:409,0
DA:410,0
DA:411,0
DA:412,0
DA:413,0
DA:414,0
DA:418,0
DA:419,0
DA:420,0
DA:424,0
DA:425,0
DA:426,0
DA:427,0
DA:428,0
DA:429,0
DA:433,0
DA:437,0
DA:438,0
DA:439,0
DA:440,0
DA:441,0
DA:442,0
DA:443,0
DA:444,0
DA:445,0
DA:446,0
DA:450,0
DA:454,0
DA:455,0
DA:456,0
DA:457,0
DA:458,0
DA:459,0
DA:460,0
DA:461,0
DA:462,0
DA:463,0
DA:467,0
DA:468,0
DA:470,0
DA:598,0
DA:611,0
DA:644,0
DA:655,0
DA:666,0
DA:705,0
DA:708,0
DA:751,0
LF:257
LH:0
BRDA:3,0,0,0
BRDA:3,0,1,0
BRDA:3,0,2,0
BRDA:5,1,0,0
BRDA:5,1,1,0
BRDA:9,2,0,0
BRDA:9,2,1,0
BRDA:25,3,0,0
BRDA:25,3,1,0
BRDA:27,4,0,0
BRDA:27,4,1,0
BRDA:30,5,0,0
BRDA:30,5,1,0
BRDA:30,5,2,0
BRDA:34,6,0,0
BRDA:34,6,1,0
BRDA:43,7,0,0
BRDA:43,7,1,0
BRDA:44,8,0,0
BRDA:44,8,1,0
BRDA:53,9,0,0
BRDA:53,9,1,0
BRDA:54,10,0,0
BRDA:54,10,1,0
BRDA:54,11,0,0
BRDA:54,11,1,0
BRDA:55,12,0,0
BRDA:55,12,1,0
BRDA:55,13,0,0
BRDA:55,13,1,0
BRDA:55,13,2,0
BRDA:55,14,0,0
BRDA:55,14,1,0
BRDA:55,15,0,0
BRDA:55,15,1,0
BRDA:55,16,0,0
BRDA:55,16,1,0
BRDA:55,17,0,0
BRDA:55,17,1,0
BRDA:56,18,0,0
BRDA:56,18,1,0
BRDA:57,19,0,0
BRDA:57,19,1,0
BRDA:57,19,2,0
BRDA:57,19,3,0
BRDA:57,19,4,0
BRDA:57,19,5,0
BRDA:78,20,0,0
BRDA:78,20,1,0
BRDA:78,21,0,0
BRDA:78,21,1,0
BRDA:78,21,2,0
BRDA:78,22,0,0
BRDA:78,22,1,0
BRDA:82,23,0,0
BRDA:82,23,1,0
BRDA:82,24,0,0
BRDA:82,24,1,0
BRDA:82,24,2,0
BRDA:82,24,3,0
BRDA:86,25,0,0
BRDA:86,25,1,0
BRDA:86,26,0,0
BRDA:86,26,1,0
BRDA:91,27,0,0
BRDA:91,27,1,0
BRDA:91,28,0,0
BRDA:91,28,1,0
BRDA:96,29,0,0
BRDA:96,29,1,0
BRDA:107,30,0,0
BRDA:107,30,1,0
BRDA:109,31,0,0
BRDA:109,31,1,0
BRDA:158,32,0,0
BRDA:158,32,1,0
BRDA:158,33,0,0
BRDA:158,33,1,0
BRDA:158,34,0,0
BRDA:158,34,1,0
BRDA:165,35,0,0
BRDA:165,35,1,0
BRDA:165,35,2,0
BRDA:165,35,3,0
BRDA:165,35,4,0
BRDA:165,35,5,0
BRDA:171,36,0,0
BRDA:171,36,1,0
BRDA:183,37,0,0
BRDA:183,37,1,0
BRDA:183,38,0,0
BRDA:183,38,1,0
BRDA:202,39,0,0
BRDA:202,39,1,0
BRDA:212,40,0,0
BRDA:212,40,1,0
BRDA:219,41,0,0
BRDA:219,41,1,0
BRDA:219,42,0,0
BRDA:219,42,1,0
BRDA:219,43,0,0
BRDA:219,43,1,0
BRDA:223,44,0,0
BRDA:223,44,1,0
BRDA:239,45,0,0
BRDA:239,45,1,0
BRDA:241,46,0,0
BRDA:241,46,1,0
BRDA:253,47,0,0
BRDA:253,47,1,0
BRDA:253,47,2,0
BRDA:253,47,3,0
BRDA:253,47,4,0
BRDA:259,48,0,0
BRDA:259,48,1,0
BRDA:265,49,0,0
BRDA:265,49,1,0
BRDA:274,50,0,0
BRDA:274,50,1,0
BRDA:303,51,0,0
BRDA:303,51,1,0
BRDA:303,52,0,0
BRDA:303,52,1,0
BRDA:303,53,0,0
BRDA:303,53,1,0
BRDA:476,54,0,0
BRDA:476,54,1,0
BRDA:478,55,0,0
BRDA:478,55,1,0
BRDA:482,56,0,0
BRDA:482,56,1,0
BRDA:484,57,0,0
BRDA:484,57,1,0
BRDA:495,58,0,0
BRDA:495,58,1,0
BRDA:503,59,0,0
BRDA:503,59,1,0
BRDA:507,60,0,0
BRDA:507,60,1,0
BRDA:516,61,0,0
BRDA:516,61,1,0
BRDA:525,62,0,0
BRDA:525,62,1,0
BRDA:533,63,0,0
BRDA:533,63,1,0
BRDA:539,64,0,0
BRDA:539,64,1,0
BRDA:545,65,0,0
BRDA:545,65,1,0
BRDA:546,66,0,0
BRDA:546,66,1,0
BRDA:547,67,0,0
BRDA:547,67,1,0
BRDA:557,68,0,0
BRDA:557,68,1,0
BRDA:569,69,0,0
BRDA:569,69,1,0
BRDA:575,70,0,0
BRDA:575,70,1,0
BRDA:577,71,0,0
BRDA:577,71,1,0
BRDA:586,72,0,0
BRDA:586,72,1,0
BRDA:589,73,0,0
BRDA:589,73,1,0
BRDA:595,74,0,0
BRDA:595,74,1,0
BRDA:598,75,0,0
BRDA:598,75,1,0
BRDA:611,76,0,0
BRDA:611,76,1,0
BRDA:616,77,0,0
BRDA:616,77,1,0
BRDA:622,78,0,0
BRDA:622,78,1,0
BRDA:628,79,0,0
BRDA:628,79,1,0
BRDA:634,80,0,0
BRDA:634,80,1,0
BRDA:636,81,0,0
BRDA:636,81,1,0
BRDA:642,82,0,0
BRDA:642,82,1,0
BRDA:644,83,0,0
BRDA:644,83,1,0
BRDA:653,84,0,0
BRDA:653,84,1,0
BRDA:655,85,0,0
BRDA:655,85,1,0
BRDA:664,86,0,0
BRDA:664,86,1,0
BRDA:666,87,0,0
BRDA:666,87,1,0
BRDA:680,88,0,0
BRDA:680,88,1,0
BRDA:690,89,0,0
BRDA:690,89,1,0
BRDA:701,90,0,0
BRDA:701,90,1,0
BRDA:711,91,0,0
BRDA:711,91,1,0
BRDA:717,92,0,0
BRDA:717,92,1,0
BRDA:731,93,0,0
BRDA:731,93,1,0
BRDA:741,94,0,0
BRDA:741,94,1,0
BRF:207
BRH:0
end_of_record
TN:
SF:pages\leagues\[id].vue
FN:3,(anonymous_0)
FN:4,adopt
FN:5,(anonymous_2)
FN:9,(anonymous_3)
FN:10,fulfilled
FN:17,rejected
FN:24,step
FN:30,(anonymous_7)
FN:33,(anonymous_8)
FN:44,(anonymous_9)
FN:47,verb
FN:48,(anonymous_11)
FN:52,step
FN:120,(anonymous_13)
FN:165,(anonymous_14)
FN:168,(anonymous_15)
FN:178,(anonymous_16)
FN:179,(anonymous_17)
FN:180,(anonymous_18)
FN:193,(anonymous_19)
FN:194,(anonymous_20)
FN:196,(anonymous_21)
FN:253,(anonymous_22)
FN:254,(anonymous_23)
FN:256,(anonymous_24)
FN:276,(anonymous_25)
FN:277,(anonymous_26)
FN:280,(anonymous_27)
FN:312,(anonymous_28)
FN:313,(anonymous_29)
FN:315,(anonymous_30)
FN:338,(anonymous_31)
FN:339,(anonymous_32)
FN:341,(anonymous_33)
FN:366,(anonymous_34)
FN:367,(anonymous_35)
FN:369,(anonymous_36)
FN:391,(anonymous_37)
FN:392,(anonymous_38)
FN:394,(anonymous_39)
FN:416,(anonymous_40)
FN:417,(anonymous_41)
FN:419,(anonymous_42)
FN:442,(anonymous_43)
FN:443,(anonymous_44)
FN:445,(anonymous_45)
FN:513,(anonymous_46)
FN:563,render
FN:573,(anonymous_48)
FN:591,(anonymous_49)
FN:602,(anonymous_50)
FN:617,(anonymous_51)
FN:635,(anonymous_52)
FN:646,(anonymous_53)
FN:657,(anonymous_54)
FN:671,(anonymous_55)
FN:687,(anonymous_56)
FN:708,(anonymous_57)
FN:719,(anonymous_58)
FN:723,(anonymous_59)
FN:745,(anonymous_60)
FN:756,(anonymous_61)
FN:767,(anonymous_62)
FN:778,(anonymous_63)
FN:782,(anonymous_64)
FN:810,(anonymous_65)
FN:825,(anonymous_66)
FN:841,(anonymous_67)
FN:847,(anonymous_68)
FN:852,(anonymous_69)
FNF:70
FNH:0
FNDA:0,(anonymous_0)
FNDA:0,adopt
FNDA:0,(anonymous_2)
FNDA:0,(anonymous_3)
FNDA:0,fulfilled
FNDA:0,rejected
FNDA:0,step
FNDA:0,(anonymous_7)
FNDA:0,(anonymous_8)
FNDA:0,(anonymous_9)
FNDA:0,verb
FNDA:0,(anonymous_11)
FNDA:0,step
FNDA:0,(anonymous_13)
FNDA:0,(anonymous_14)
FNDA:0,(anonymous_15)
FNDA:0,(anonymous_16)
FNDA:0,(anonymous_17)
FNDA:0,(anonymous_18)
FNDA:0,(anonymous_19)
FNDA:0,(anonymous_20)
FNDA:0,(anonymous_21)
FNDA:0,(anonymous_22)
FNDA:0,(anonymous_23)
FNDA:0,(anonymous_24)
FNDA:0,(anonymous_25)
FNDA:0,(anonymous_26)
FNDA:0,(anonymous_27)
FNDA:0,(anonymous_28)
FNDA:0,(anonymous_29)
FNDA:0,(anonymous_30)
FNDA:0,(anonymous_31)
FNDA:0,(anonymous_32)
FNDA:0,(anonymous_33)
FNDA:0,(anonymous_34)
FNDA:0,(anonymous_35)
FNDA:0,(anonymous_36)
FNDA:0,(anonymous_37)
FNDA:0,(anonymous_38)
FNDA:0,(anonymous_39)
FNDA:0,(anonymous_40)
FNDA:0,(anonymous_41)
FNDA:0,(anonymous_42)
FNDA:0,(anonymous_43)
FNDA:0,(anonymous_44)
FNDA:0,(anonymous_45)
FNDA:0,(anonymous_46)
FNDA:0,render
FNDA:0,(anonymous_48)
FNDA:0,(anonymous_49)
FNDA:0,(anonymous_50)
FNDA:0,(anonymous_51)
FNDA:0,(anonymous_52)
FNDA:0,(anonymous_53)
FNDA:0,(anonymous_54)
FNDA:0,(anonymous_55)
FNDA:0,(anonymous_56)
FNDA:0,(anonymous_57)
FNDA:0,(anonymous_58)
FNDA:0,(anonymous_59)
FNDA:0,(anonymous_60)
FNDA:0,(anonymous_61)
FNDA:0,(anonymous_62)
FNDA:0,(anonymous_63)
FNDA:0,(anonymous_64)
FNDA:0,(anonymous_65)
FNDA:0,(anonymous_66)
FNDA:0,(anonymous_67)
FNDA:0,(anonymous_68)
FNDA:0,(anonymous_69)
DA:3,0
DA:5,0
DA:6,0
DA:9,0
DA:11,0
DA:12,0
DA:14,0
DA:18,0
DA:19,0
DA:21,0
DA:25,0
DA:27,0
DA:30,0
DA:31,0
DA:34,0
DA:35,0
DA:43,0
DA:44,0
DA:45,0
DA:48,0
DA:49,0
DA:53,0
DA:54,0
DA:55,0
DA:56,0
DA:57,0
DA:60,0
DA:61,0
DA:63,0
DA:64,0
DA:69,0
DA:70,0
DA:71,0
DA:72,0
DA:74,0
DA:75,0
DA:76,0
DA:78,0
DA:79,0
DA:80,0
DA:82,0
DA:83,0
DA:84,0
DA:86,0
DA:87,0
DA:88,0
DA:89,0
DA:91,0
DA:92,0
DA:93,0
DA:94,0
DA:96,0
DA:97,0
DA:98,0
DA:100,0
DA:102,0
DA:103,0
DA:105,0
DA:107,0
DA:108,0
DA:114,0
DA:117,0
DA:118,0
DA:121,0
DA:122,0
DA:123,0
DA:124,0
DA:127,0
DA:128,0
DA:129,0
DA:130,0
DA:131,0
DA:132,0
DA:133,0
DA:134,0
DA:135,0
DA:136,0
DA:137,0
DA:138,0
DA:139,0
DA:140,0
DA:141,0
DA:142,0
DA:143,0
DA:144,0
DA:145,0
DA:146,0
DA:147,0
DA:148,0
DA:158,0
DA:165,0
DA:166,0
DA:168,0
DA:169,0
DA:170,0
DA:172,0
DA:175,0
DA:178,0
DA:179,0
DA:180,0
DA:181,0
DA:184,0
DA:187,0
DA:188,0
DA:193,0
DA:194,0
DA:196,0
DA:197,0
DA:199,0
DA:201,0
DA:202,0
DA:207,0
DA:209,0
DA:210,0
DA:223,0
DA:224,0
DA:227,0
DA:228,0
DA:230,0
DA:231,0
DA:232,0
DA:234,0
DA:235,0
DA:237,0
DA:239,0
DA:240,0
DA:242,0
DA:244,0
DA:245,0
DA:246,0
DA:248,0
DA:253,0
DA:254,0
DA:256,0
DA:257,0
DA:259,0
DA:260,0
DA:262,0
DA:263,0
DA:264,0
DA:266,0
DA:267,0
DA:268,0
DA:269,0
DA:271,0
DA:276,0
DA:277,0
DA:280,0
DA:281,0
DA:283,0
DA:284,0
DA:286,0
DA:287,0
DA:289,0
DA:296,0
DA:299,0
DA:300,0
DA:302,0
DA:303,0
DA:304,0
DA:305,0
DA:307,0
DA:312,0
DA:313,0
DA:315,0
DA:316,0
DA:318,0
DA:319,0
DA:321,0
DA:322,0
DA:323,0
DA:325,0
DA:326,0
DA:328,0
DA:329,0
DA:330,0
DA:331,0
DA:333,0
DA:338,0
DA:339,0
DA:341,0
DA:342,0
DA:344,0
DA:345,0
DA:347,0
DA:348,0
DA:350,0
DA:351,0
DA:353,0
DA:354,0
DA:356,0
DA:357,0
DA:358,0
DA:359,0
DA:361,0
DA:366,0
DA:367,0
DA:369,0
DA:370,0
DA:372,0
DA:373,0
DA:375,0
DA:376,0
DA:378,0
DA:379,0
DA:381,0
DA:382,0
DA:383,0
DA:384,0
DA:386,0
DA:391,0
DA:392,0
DA:394,0
DA:395,0
DA:397,0
DA:398,0
DA:400,0
DA:401,0
DA:403,0
DA:404,0
DA:406,0
DA:407,0
DA:408,0
DA:409,0
DA:411,0
DA:416,0
DA:417,0
DA:419,0
DA:420,0
DA:422,0
DA:423,0
DA:425,0
DA:426,0
DA:427,0
DA:429,0
DA:430,0
DA:432,0
DA:433,0
DA:434,0
DA:435,0
DA:437,0
DA:442,0
DA:443,0
DA:445,0
DA:446,0
DA:448,0
DA:449,0
DA:451,0
DA:452,0
DA:454,0
DA:455,0
DA:457,0
DA:458,0
DA:460,0
DA:461,0
DA:462,0
DA:463,0
DA:465,0
DA:470,0
DA:505,0
DA:509,0
DA:513,0
DA:514,0
DA:515,0
DA:516,0
DA:517,0
DA:520,0
DA:522,0
DA:523,0
DA:524,0
DA:525,0
DA:526,0
DA:527,0
DA:528,0
DA:529,0
DA:530,0
DA:531,0
DA:532,0
DA:536,0
DA:537,0
DA:538,0
DA:539,0
DA:540,0
DA:541,0
DA:542,0
DA:543,0
DA:544,0
DA:548,0
DA:549,0
DA:550,0
DA:551,0
DA:552,0
DA:553,0
DA:554,0
DA:555,0
DA:556,0
DA:557,0
DA:558,0
DA:559,0
DA:565,0
DA:566,0
DA:573,0
DA:591,0
DA:602,0
DA:617,0
DA:635,0
DA:646,0
DA:657,0
DA:671,0
DA:687,0
DA:709,0
DA:719,0
DA:723,0
DA:745,0
DA:756,0
DA:767,0
DA:779,0
DA:782,0
DA:810,0
DA:826,0
DA:841,0
DA:847,0
DA:852,0
DA:866,0
LF:324
LH:0
BRDA:3,0,0,0
BRDA:3,0,1,0
BRDA:3,0,2,0
BRDA:5,1,0,0
BRDA:5,1,1,0
BRDA:9,2,0,0
BRDA:9,2,1,0
BRDA:25,3,0,0
BRDA:25,3,1,0
BRDA:27,4,0,0
BRDA:27,4,1,0
BRDA:30,5,0,0
BRDA:30,5,1,0
BRDA:30,5,2,0
BRDA:34,6,0,0
BRDA:34,6,1,0
BRDA:43,7,0,0
BRDA:43,7,1,0
BRDA:44,8,0,0
BRDA:44,8,1,0
BRDA:53,9,0,0
BRDA:53,9,1,0
BRDA:54,10,0,0
BRDA:54,10,1,0
BRDA:54,11,0,0
BRDA:54,11,1,0
BRDA:55,12,0,0
BRDA:55,12,1,0
BRDA:55,13,0,0
BRDA:55,13,1,0
BRDA:55,13,2,0
BRDA:55,14,0,0
BRDA:55,14,1,0
BRDA:55,15,0,0
BRDA:55,15,1,0
BRDA:55,16,0,0
BRDA:55,16,1,0
BRDA:55,17,0,0
BRDA:55,17,1,0
BRDA:56,18,0,0
BRDA:56,18,1,0
BRDA:57,19,0,0
BRDA:57,19,1,0
BRDA:57,19,2,0
BRDA:57,19,3,0
BRDA:57,19,4,0
BRDA:57,19,5,0
BRDA:78,20,0,0
BRDA:78,20,1,0
BRDA:78,21,0,0
BRDA:78,21,1,0
BRDA:78,21,2,0
BRDA:78,22,0,0
BRDA:78,22,1,0
BRDA:82,23,0,0
BRDA:82,23,1,0
BRDA:82,24,0,0
BRDA:82,24,1,0
BRDA:82,24,2,0
BRDA:82,24,3,0
BRDA:86,25,0,0
BRDA:86,25,1,0
BRDA:86,26,0,0
BRDA:86,26,1,0
BRDA:91,27,0,0
BRDA:91,27,1,0
BRDA:91,28,0,0
BRDA:91,28,1,0
BRDA:96,29,0,0
BRDA:96,29,1,0
BRDA:107,30,0,0
BRDA:107,30,1,0
BRDA:109,31,0,0
BRDA:109,31,1,0
BRDA:170,32,0,0
BRDA:170,32,1,0
BRDA:181,33,0,0
BRDA:181,33,1,0
BRDA:197,34,0,0
BRDA:197,34,1,0
BRDA:197,34,2,0
BRDA:197,34,3,0
BRDA:197,34,4,0
BRDA:197,34,5,0
BRDA:197,34,6,0
BRDA:197,34,7,0
BRDA:197,34,8,0
BRDA:209,35,0,0
BRDA:209,35,1,0
BRDA:214,36,0,0
BRDA:214,36,1,0
BRDA:215,37,0,0
BRDA:215,37,1,0
BRDA:218,38,0,0
BRDA:218,38,1,0
BRDA:219,39,0,0
BRDA:219,39,1,0
BRDA:257,40,0,0
BRDA:257,40,1,0
BRDA:257,40,2,0
BRDA:257,40,3,0
BRDA:281,41,0,0
BRDA:281,41,1,0
BRDA:281,41,2,0
BRDA:281,41,3,0
BRDA:281,41,4,0
BRDA:304,42,0,0
BRDA:304,42,1,0
BRDA:304,43,0,0
BRDA:304,43,1,0
BRDA:304,44,0,0
BRDA:304,44,1,0
BRDA:316,45,0,0
BRDA:316,45,1,0
BRDA:316,45,2,0
BRDA:316,45,3,0
BRDA:316,45,4,0
BRDA:342,46,0,0
BRDA:342,46,1,0
BRDA:342,46,2,0
BRDA:342,46,3,0
BRDA:342,46,4,0
BRDA:342,46,5,0
BRDA:344,47,0,0
BRDA:344,47,1,0
BRDA:370,48,0,0
BRDA:370,48,1,0
BRDA:370,48,2,0
BRDA:370,48,3,0
BRDA:370,48,4,0
BRDA:395,49,0,0
BRDA:395,49,1,0
BRDA:395,49,2,0
BRDA:395,49,3,0
BRDA:395,49,4,0
BRDA:420,50,0,0
BRDA:420,50,1,0
BRDA:420,50,2,0
BRDA:420,50,3,0
BRDA:420,50,4,0
BRDA:446,51,0,0
BRDA:446,51,1,0
BRDA:446,51,2,0
BRDA:446,51,3,0
BRDA:446,51,4,0
BRDA:446,51,5,0
BRDA:448,52,0,0
BRDA:448,52,1,0
BRDA:513,53,0,0
BRDA:513,53,1,0
BRDA:513,53,2,0
BRDA:514,54,0,0
BRDA:514,54,1,0
BRDA:514,55,0,0
BRDA:514,55,1,0
BRDA:515,56,0,0
BRDA:515,56,1,0
BRDA:515,57,0,0
BRDA:515,57,1,0
BRDA:516,58,0,0
BRDA:516,58,1,0
BRDA:520,59,0,0
BRDA:520,59,1,0
BRDA:573,60,0,0
BRDA:573,60,1,0
BRDA:578,61,0,0
BRDA:578,61,1,0
BRDA:579,62,0,0
BRDA:579,62,1,0
BRDA:579,63,0,0
BRDA:579,63,1,0
BRDA:583,64,0,0
BRDA:583,64,1,0
BRDA:589,65,0,0
BRDA:589,65,1,0
BRDA:591,66,0,0
BRDA:591,66,1,0
BRDA:600,67,0,0
BRDA:600,67,1,0
BRDA:602,68,0,0
BRDA:602,68,1,0
BRDA:605,69,0,0
BRDA:605,69,1,0
BRDA:615,70,0,0
BRDA:615,70,1,0
BRDA:617,71,0,0
BRDA:617,71,1,0
BRDA:633,72,0,0
BRDA:633,72,1,0
BRDA:635,73,0,0
BRDA:635,73,1,0
BRDA:644,74,0,0
BRDA:644,74,1,0
BRDA:646,75,0,0
BRDA:646,75,1,0
BRDA:653,76,0,0
BRDA:653,76,1,0
BRDA:657,77,0,0
BRDA:657,77,1,0
BRDA:664,78,0,0
BRDA:664,78,1,0
BRDA:671,79,0,0
BRDA:671,79,1,0
BRDA:678,80,0,0
BRDA:678,80,1,0
BRDA:682,81,0,0
BRDA:682,81,1,0
BRDA:685,82,0,0
BRDA:685,82,1,0
BRDA:687,83,0,0
BRDA:687,83,1,0
BRDA:694,84,0,0
BRDA:694,84,1,0
BRDA:701,85,0,0
BRDA:701,85,1,0
BRDA:704,86,0,0
BRDA:704,86,1,0
BRDA:733,87,0,0
BRDA:733,87,1,0
BRDA:733,88,0,0
BRDA:733,88,1,0
BRDA:733,89,0,0
BRDA:733,89,1,0
BRDA:733,90,0,0
BRDA:733,90,1,0
BRDA:733,91,0,0
BRDA:733,91,1,0
BRDA:735,92,0,0
BRDA:735,92,1,0
BRDA:736,93,0,0
BRDA:736,93,1,0
BRDA:743,94,0,0
BRDA:743,94,1,0
BRDA:745,95,0,0
BRDA:745,95,1,0
BRDA:754,96,0,0
BRDA:754,96,1,0
BRDA:756,97,0,0
BRDA:756,97,1,0
BRDA:765,98,0,0
BRDA:765,98,1,0
BRDA:767,99,0,0
BRDA:767,99,1,0
BRDA:776,100,0,0
BRDA:776,100,1,0
BRDA:785,101,0,0
BRDA:785,101,1,0
BRDA:794,102,0,0
BRDA:794,102,1,0
BRDA:803,103,0,0
BRDA:803,103,1,0
BRDA:810,104,0,0
BRDA:810,104,1,0
BRDA:818,105,0,0
BRDA:818,105,1,0
BRDA:836,106,0,0
BRDA:836,106,1,0
BRDA:838,107,0,0
BRDA:838,107,1,0
BRDA:844,108,0,0
BRDA:844,108,1,0
BRDA:858,109,0,0
BRDA:858,109,1,0
BRF:263
BRH:0
end_of_record
TN:
SF:pages\leagues\index.vue
FN:3,(anonymous_0)
FN:4,(anonymous_1)
FN:13,(anonymous_2)
FN:14,adopt
FN:15,(anonymous_4)
FN:19,(anonymous_5)
FN:20,fulfilled
FN:27,rejected
FN:34,step
FN:40,(anonymous_9)
FN:43,(anonymous_10)
FN:54,(anonymous_11)
FN:57,verb
FN:58,(anonymous_13)
FN:62,step
FN:130,(anonymous_15)
FN:154,(anonymous_16)
FN:155,(anonymous_17)
FN:156,(anonymous_18)
FN:167,(anonymous_19)
FN:168,(anonymous_20)
FN:171,(anonymous_21)
FN:222,(anonymous_22)
FN:266,render
FN:277,(anonymous_24)
FN:299,(anonymous_25)
FN:305,(anonymous_26)
FN:342,(anonymous_27)
FN:361,(anonymous_28)
FN:372,(anonymous_29)
FN:387,(anonymous_30)
FN:405,(anonymous_31)
FN:416,(anonymous_32)
FN:429,(anonymous_33)
FN:438,(anonymous_34)
FNF:35
FNH:0
FNDA:0,(anonymous_0)
FNDA:0,(anonymous_1)
FNDA:0,(anonymous_2)
FNDA:0,adopt
FNDA:0,(anonymous_4)
FNDA:0,(anonymous_5)
FNDA:0,fulfilled
FNDA:0,rejected
FNDA:0,step
FNDA:0,(anonymous_9)
FNDA:0,(anonymous_10)
FNDA:0,(anonymous_11)
FNDA:0,verb
FNDA:0,(anonymous_13)
FNDA:0,step
FNDA:0,(anonymous_15)
FNDA:0,(anonymous_16)
FNDA:0,(anonymous_17)
FNDA:0,(anonymous_18)
FNDA:0,(anonymous_19)
FNDA:0,(anonymous_20)
FNDA:0,(anonymous_21)
FNDA:0,(anonymous_22)
FNDA:0,render
FNDA:0,(anonymous_24)
FNDA:0,(anonymous_25)
FNDA:0,(anonymous_26)
FNDA:0,(anonymous_27)
FNDA:0,(anonymous_28)
FNDA:0,(anonymous_29)
FNDA:0,(anonymous_30)
FNDA:0,(anonymous_31)
FNDA:0,(anonymous_32)
FNDA:0,(anonymous_33)
FNDA:0,(anonymous_34)
DA:3,0
DA:4,0
DA:5,0
DA:6,0
DA:7,0
DA:9,0
DA:11,0
DA:13,0
DA:15,0
DA:16,0
DA:19,0
DA:21,0
DA:22,0
DA:24,0
DA:28,0
DA:29,0
DA:31,0
DA:35,0
DA:37,0
DA:40,0
DA:41,0
DA:44,0
DA:45,0
DA:53,0
DA:54,0
DA:55,0
DA:58,0
DA:59,0
DA:63,0
DA:64,0
DA:65,0
DA:66,0
DA:67,0
DA:70,0
DA:71,0
DA:73,0
DA:74,0
DA:79,0
DA:80,0
DA:81,0
DA:82,0
DA:84,0
DA:85,0
DA:86,0
DA:88,0
DA:89,0
DA:90,0
DA:92,0
DA:93,0
DA:94,0
DA:96,0
DA:97,0
DA:98,0
DA:99,0
DA:101,0
DA:102,0
DA:103,0
DA:104,0
DA:106,0
DA:107,0
DA:108,0
DA:110,0
DA:112,0
DA:113,0
DA:115,0
DA:117,0
DA:118,0
DA:124,0
DA:127,0
DA:128,0
DA:131,0
DA:132,0
DA:133,0
DA:134,0
DA:137,0
DA:138,0
DA:139,0
DA:140,0
DA:141,0
DA:142,0
DA:143,0
DA:144,0
DA:145,0
DA:154,0
DA:155,0
DA:156,0
DA:157,0
DA:159,0
DA:161,0
DA:162,0
DA:167,0
DA:168,0
DA:171,0
DA:172,0
DA:174,0
DA:175,0
DA:176,0
DA:180,0
DA:181,0
DA:182,0
DA:191,0
DA:193,0
DA:194,0
DA:195,0
DA:196,0
DA:198,0
DA:203,0
DA:214,0
DA:218,0
DA:222,0
DA:223,0
DA:224,0
DA:225,0
DA:226,0
DA:229,0
DA:231,0
DA:232,0
DA:233,0
DA:234,0
DA:235,0
DA:236,0
DA:237,0
DA:241,0
DA:242,0
DA:243,0
DA:244,0
DA:245,0
DA:246,0
DA:250,0
DA:251,0
DA:255,0
DA:259,0
DA:263,0
DA:264,0
DA:265,0
DA:268,0
DA:269,0
DA:277,0
DA:300,0
DA:305,0
DA:342,0
DA:361,0
DA:372,0
DA:387,0
DA:405,0
DA:416,0
DA:429,0
DA:438,0
DA:462,0
LF:149
LH:0
BRDA:3,0,0,0
BRDA:3,0,1,0
BRDA:3,0,2,0
BRDA:4,1,0,0
BRDA:4,1,1,0
BRDA:7,2,0,0
BRDA:7,2,1,0
BRDA:13,3,0,0
BRDA:13,3,1,0
BRDA:13,3,2,0
BRDA:15,4,0,0
BRDA:15,4,1,0
BRDA:19,5,0,0
BRDA:19,5,1,0
BRDA:35,6,0,0
BRDA:35,6,1,0
BRDA:37,7,0,0
BRDA:37,7,1,0
BRDA:40,8,0,0
BRDA:40,8,1,0
BRDA:40,8,2,0
BRDA:44,9,0,0
BRDA:44,9,1,0
BRDA:53,10,0,0
BRDA:53,10,1,0
BRDA:54,11,0,0
BRDA:54,11,1,0
BRDA:63,12,0,0
BRDA:63,12,1,0
BRDA:64,13,0,0
BRDA:64,13,1,0
BRDA:64,14,0,0
BRDA:64,14,1,0
BRDA:65,15,0,0
BRDA:65,15,1,0
BRDA:65,16,0,0
BRDA:65,16,1,0
BRDA:65,16,2,0
BRDA:65,17,0,0
BRDA:65,17,1,0
BRDA:65,18,0,0
BRDA:65,18,1,0
BRDA:65,19,0,0
BRDA:65,19,1,0
BRDA:65,20,0,0
BRDA:65,20,1,0
BRDA:66,21,0,0
BRDA:66,21,1,0
BRDA:67,22,0,0
BRDA:67,22,1,0
BRDA:67,22,2,0
BRDA:67,22,3,0
BRDA:67,22,4,0
BRDA:67,22,5,0
BRDA:88,23,0,0
BRDA:88,23,1,0
BRDA:88,24,0,0
BRDA:88,24,1,0
BRDA:88,24,2,0
BRDA:88,25,0,0
BRDA:88,25,1,0
BRDA:92,26,0,0
BRDA:92,26,1,0
BRDA:92,27,0,0
BRDA:92,27,1,0
BRDA:92,27,2,0
BRDA:92,27,3,0
BRDA:96,28,0,0
BRDA:96,28,1,0
BRDA:96,29,0,0
BRDA:96,29,1,0
BRDA:101,30,0,0
BRDA:101,30,1,0
BRDA:101,31,0,0
BRDA:101,31,1,0
BRDA:106,32,0,0
BRDA:106,32,1,0
BRDA:117,33,0,0
BRDA:117,33,1,0
BRDA:119,34,0,0
BRDA:119,34,1,0
BRDA:157,35,0,0
BRDA:157,35,1,0
BRDA:172,36,0,0
BRDA:172,36,1,0
BRDA:172,36,2,0
BRDA:172,36,3,0
BRDA:175,37,0,0
BRDA:175,37,1,0
BRDA:175,38,0,0
BRDA:175,38,1,0
BRDA:175,39,0,0
BRDA:175,39,1,0
BRDA:175,40,0,0
BRDA:175,40,1,0
BRDA:222,41,0,0
BRDA:222,41,1,0
BRDA:222,41,2,0
BRDA:223,42,0,0
BRDA:223,42,1,0
BRDA:223,43,0,0
BRDA:223,43,1,0
BRDA:224,44,0,0
BRDA:224,44,1,0
BRDA:224,45,0,0
BRDA:224,45,1,0
BRDA:225,46,0,0
BRDA:225,46,1,0
BRDA:229,47,0,0
BRDA:229,47,1,0
BRDA:272,48,0,0
BRDA:272,48,1,0
BRDA:277,49,0,0
BRDA:277,49,1,0
BRDA:297,50,0,0
BRDA:297,50,1,0
BRDA:311,51,0,0
BRDA:311,51,1,0
BRDA:314,52,0,0
BRDA:314,52,1,0
BRDA:317,53,0,0
BRDA:317,53,1,0
BRDA:323,54,0,0
BRDA:323,54,1,0
BRDA:327,55,0,0
BRDA:327,55,1,0
BRDA:327,56,0,0
BRDA:327,56,1,0
BRDA:337,57,0,0
BRDA:337,57,1,0
BRDA:342,58,0,0
BRDA:342,58,1,0
BRDA:349,59,0,0
BRDA:349,59,1,0
BRDA:349,60,0,0
BRDA:349,60,1,0
BRDA:349,61,0,0
BRDA:349,61,1,0
BRDA:349,62,0,0
BRDA:349,62,1,0
BRDA:349,63,0,0
BRDA:349,63,1,0
BRDA:351,64,0,0
BRDA:351,64,1,0
BRDA:359,65,0,0
BRDA:359,65,1,0
BRDA:361,66,0,0
BRDA:361,66,1,0
BRDA:370,67,0,0
BRDA:370,67,1,0
BRDA:372,68,0,0
BRDA:372,68,1,0
BRDA:375,69,0,0
BRDA:375,69,1,0
BRDA:385,70,0,0
BRDA:385,70,1,0
BRDA:387,71,0,0
BRDA:387,71,1,0
BRDA:403,72,0,0
BRDA:403,72,1,0
BRDA:405,73,0,0
BRDA:405,73,1,0
BRDA:414,74,0,0
BRDA:414,74,1,0
BRDA:416,75,0,0
BRDA:416,75,1,0
BRDA:423,76,0,0
BRDA:423,76,1,0
BRDA:427,77,0,0
BRDA:427,77,1,0
BRDA:429,78,0,0
BRDA:429,78,1,0
BRDA:438,79,0,0
BRDA:438,79,1,0
BRDA:445,80,0,0
BRDA:445,80,1,0
BRDA:449,81,0,0
BRDA:449,81,1,0
BRDA:451,82,0,0
BRDA:451,82,1,0
BRF:180
BRH:0
end_of_record
TN:
SF:pages\leagues\search.vue
FN:3,(anonymous_0)
FN:4,adopt
FN:5,(anonymous_2)
FN:9,(anonymous_3)
FN:10,fulfilled
FN:17,rejected
FN:24,step
FN:30,(anonymous_7)
FN:33,(anonymous_8)
FN:44,(anonymous_9)
FN:47,verb
FN:48,(anonymous_11)
FN:52,step
FN:120,(anonymous_13)
FN:129,(anonymous_14)
FN:143,(anonymous_15)
FN:147,(anonymous_16)
FN:148,(anonymous_17)
FN:151,(anonymous_18)
FN:205,(anonymous_19)
FN:276,render
FN:285,(anonymous_21)
FN:302,(anonymous_22)
FN:316,(anonymous_23)
FN:337,(anonymous_24)
FN:367,(anonymous_25)
FN:373,(anonymous_26)
FNF:27
FNH:0
FNDA:0,(anonymous_0)
FNDA:0,adopt
FNDA:0,(anonymous_2)
FNDA:0,(anonymous_3)
FNDA:0,fulfilled
FNDA:0,rejected
FNDA:0,step
FNDA:0,(anonymous_7)
FNDA:0,(anonymous_8)
FNDA:0,(anonymous_9)
FNDA:0,verb
FNDA:0,(anonymous_11)
FNDA:0,step
FNDA:0,(anonymous_13)
FNDA:0,(anonymous_14)
FNDA:0,(anonymous_15)
FNDA:0,(anonymous_16)
FNDA:0,(anonymous_17)
FNDA:0,(anonymous_18)
FNDA:0,(anonymous_19)
FNDA:0,render
FNDA:0,(anonymous_21)
FNDA:0,(anonymous_22)
FNDA:0,(anonymous_23)
FNDA:0,(anonymous_24)
FNDA:0,(anonymous_25)
FNDA:0,(anonymous_26)
DA:3,0
DA:5,0
DA:6,0
DA:9,0
DA:11,0
DA:12,0
DA:14,0
DA:18,0
DA:19,0
DA:21,0
DA:25,0
DA:27,0
DA:30,0
DA:31,0
DA:34,0
DA:35,0
DA:43,0
DA:44,0
DA:45,0
DA:48,0
DA:49,0
DA:53,0
DA:54,0
DA:55,0
DA:56,0
DA:57,0
DA:60,0
DA:61,0
DA:63,0
DA:64,0
DA:69,0
DA:70,0
DA:71,0
DA:72,0
DA:74,0
DA:75,0
DA:76,0
DA:78,0
DA:79,0
DA:80,0
DA:82,0
DA:83,0
DA:84,0
DA:86,0
DA:87,0
DA:88,0
DA:89,0
DA:91,0
DA:92,0
DA:93,0
DA:94,0
DA:96,0
DA:97,0
DA:98,0
DA:100,0
DA:102,0
DA:103,0
DA:105,0
DA:107,0
DA:108,0
DA:114,0
DA:117,0
DA:118,0
DA:121,0
DA:122,0
DA:123,0
DA:124,0
DA:127,0
DA:128,0
DA:129,0
DA:130,0
DA:131,0
DA:133,0
DA:136,0
DA:137,0
DA:138,0
DA:139,0
DA:140,0
DA:141,0
DA:142,0
DA:143,0
DA:144,0
DA:145,0
DA:147,0
DA:148,0
DA:151,0
DA:152,0
DA:154,0
DA:155,0
DA:156,0
DA:158,0
DA:159,0
DA:160,0
DA:162,0
DA:163,0
DA:164,0
DA:166,0
DA:167,0
DA:168,0
DA:170,0
DA:171,0
DA:172,0
DA:173,0
DA:174,0
DA:176,0
DA:177,0
DA:179,0
DA:184,0
DA:197,0
DA:201,0
DA:205,0
DA:206,0
DA:207,0
DA:208,0
DA:209,0
DA:212,0
DA:214,0
DA:215,0
DA:216,0
DA:217,0
DA:218,0
DA:219,0
DA:220,0
DA:221,0
DA:222,0
DA:226,0
DA:227,0
DA:228,0
DA:229,0
DA:230,0
DA:231,0
DA:232,0
DA:236,0
DA:237,0
DA:241,0
DA:242,0
DA:243,0
DA:244,0
DA:245,0
DA:246,0
DA:247,0
DA:251,0
DA:255,0
DA:256,0
DA:257,0
DA:258,0
DA:262,0
DA:266,0
DA:270,0
DA:271,0
DA:275,0
DA:277,0
DA:278,0
DA:285,0
DA:302,0
DA:316,0
DA:337,0
DA:368,0
DA:373,0
DA:435,0
LF:160
LH:0
BRDA:3,0,0,0
BRDA:3,0,1,0
BRDA:3,0,2,0
BRDA:5,1,0,0
BRDA:5,1,1,0
BRDA:9,2,0,0
BRDA:9,2,1,0
BRDA:25,3,0,0
BRDA:25,3,1,0
BRDA:27,4,0,0
BRDA:27,4,1,0
BRDA:30,5,0,0
BRDA:30,5,1,0
BRDA:30,5,2,0
BRDA:34,6,0,0
BRDA:34,6,1,0
BRDA:43,7,0,0
BRDA:43,7,1,0
BRDA:44,8,0,0
BRDA:44,8,1,0
BRDA:53,9,0,0
BRDA:53,9,1,0
BRDA:54,10,0,0
BRDA:54,10,1,0
BRDA:54,11,0,0
BRDA:54,11,1,0
BRDA:55,12,0,0
BRDA:55,12,1,0
BRDA:55,13,0,0
BRDA:55,13,1,0
BRDA:55,13,2,0
BRDA:55,14,0,0
BRDA:55,14,1,0
BRDA:55,15,0,0
BRDA:55,15,1,0
BRDA:55,16,0,0
BRDA:55,16,1,0
BRDA:55,17,0,0
BRDA:55,17,1,0
BRDA:56,18,0,0
BRDA:56,18,1,0
BRDA:57,19,0,0
BRDA:57,19,1,0
BRDA:57,19,2,0
BRDA:57,19,3,0
BRDA:57,19,4,0
BRDA:57,19,5,0
BRDA:78,20,0,0
BRDA:78,20,1,0
BRDA:78,21,0,0
BRDA:78,21,1,0
BRDA:78,21,2,0
BRDA:78,22,0,0
BRDA:78,22,1,0
BRDA:82,23,0,0
BRDA:82,23,1,0
BRDA:82,24,0,0
BRDA:82,24,1,0
BRDA:82,24,2,0
BRDA:82,24,3,0
BRDA:86,25,0,0
BRDA:86,25,1,0
BRDA:86,26,0,0
BRDA:86,26,1,0
BRDA:91,27,0,0
BRDA:91,27,1,0
BRDA:91,28,0,0
BRDA:91,28,1,0
BRDA:96,29,0,0
BRDA:96,29,1,0
BRDA:107,30,0,0
BRDA:107,30,1,0
BRDA:109,31,0,0
BRDA:109,31,1,0
BRDA:130,32,0,0
BRDA:130,32,1,0
BRDA:152,33,0,0
BRDA:152,33,1,0
BRDA:152,33,2,0
BRDA:152,33,3,0
BRDA:152,33,4,0
BRDA:152,33,5,0
BRDA:154,34,0,0
BRDA:154,34,1,0
BRDA:171,35,0,0
BRDA:171,35,1,0
BRDA:171,36,0,0
BRDA:171,36,1,0
BRDA:171,37,0,0
BRDA:171,37,1,0
BRDA:205,38,0,0
BRDA:205,38,1,0
BRDA:205,38,2,0
BRDA:206,39,0,0
BRDA:206,39,1,0
BRDA:206,40,0,0
BRDA:206,40,1,0
BRDA:207,41,0,0
BRDA:207,41,1,0
BRDA:207,42,0,0
BRDA:207,42,1,0
BRDA:208,43,0,0
BRDA:208,43,1,0
BRDA:212,44,0,0
BRDA:212,44,1,0
BRDA:285,45,0,0
BRDA:285,45,1,0
BRDA:290,46,0,0
BRDA:290,46,1,0
BRDA:291,47,0,0
BRDA:291,47,1,0
BRDA:300,48,0,0
BRDA:300,48,1,0
BRDA:302,49,0,0
BRDA:302,49,1,0
BRDA:309,50,0,0
BRDA:309,50,1,0
BRDA:314,51,0,0
BRDA:314,51,1,0
BRDA:316,52,0,0
BRDA:316,52,1,0
BRDA:318,53,0,0
BRDA:318,53,1,0
BRDA:335,54,0,0
BRDA:335,54,1,0
BRDA:337,55,0,0
BRDA:337,55,1,0
BRDA:339,56,0,0
BRDA:339,56,1,0
BRDA:350,57,0,0
BRDA:350,57,1,0
BRDA:355,58,0,0
BRDA:355,58,1,0
BRDA:358,59,0,0
BRDA:358,59,1,0
BRDA:358,60,0,0
BRDA:358,60,1,0
BRDA:361,61,0,0
BRDA:361,61,1,0
BRDA:363,62,0,0
BRDA:363,62,1,0
BRDA:365,63,0,0
BRDA:365,63,1,0
BRDA:379,64,0,0
BRDA:379,64,1,0
BRDA:382,65,0,0
BRDA:382,65,1,0
BRDA:385,66,0,0
BRDA:385,66,1,0
BRDA:389,67,0,0
BRDA:389,67,1,0
BRDA:395,68,0,0
BRDA:395,68,1,0
BRDA:397,69,0,0
BRDA:397,69,1,0
BRDA:398,70,0,0
BRDA:398,70,1,0
BRDA:401,71,0,0
BRDA:401,71,1,0
BRDA:402,72,0,0
BRDA:402,72,1,0
BRDA:414,73,0,0
BRDA:414,73,1,0
BRDA:415,74,0,0
BRDA:415,74,1,0
BRDA:416,75,0,0
BRDA:416,75,1,0
BRDA:421,76,0,0
BRDA:421,76,1,0
BRDA:427,77,0,0
BRDA:427,77,1,0
BRF:171
BRH:0
end_of_record
TN:
SF:pages\leagues\public\[id].vue
FN:3,(anonymous_0)
FN:4,adopt
FN:5,(anonymous_2)
FN:9,(anonymous_3)
FN:10,fulfilled
FN:17,rejected
FN:24,step
FN:30,(anonymous_7)
FN:33,(anonymous_8)
FN:44,(anonymous_9)
FN:47,verb
FN:48,(anonymous_11)
FN:52,step
FN:120,(anonymous_13)
FN:137,(anonymous_14)
FN:138,(anonymous_15)
FN:140,(anonymous_16)
FN:162,(anonymous_17)
FN:163,(anonymous_18)
FN:166,(anonymous_19)
FN:212,(anonymous_20)
FN:273,render
FN:282,(anonymous_22)
FN:334,(anonymous_23)
FN:363,(anonymous_24)
FNF:25
FNH:0
FNDA:0,(anonymous_0)
FNDA:0,adopt
FNDA:0,(anonymous_2)
FNDA:0,(anonymous_3)
FNDA:0,fulfilled
FNDA:0,rejected
FNDA:0,step
FNDA:0,(anonymous_7)
FNDA:0,(anonymous_8)
FNDA:0,(anonymous_9)
FNDA:0,verb
FNDA:0,(anonymous_11)
FNDA:0,step
FNDA:0,(anonymous_13)
FNDA:0,(anonymous_14)
FNDA:0,(anonymous_15)
FNDA:0,(anonymous_16)
FNDA:0,(anonymous_17)
FNDA:0,(anonymous_18)
FNDA:0,(anonymous_19)
FNDA:0,(anonymous_20)
FNDA:0,render
FNDA:0,(anonymous_22)
FNDA:0,(anonymous_23)
FNDA:0,(anonymous_24)
DA:3,0
DA:5,0
DA:6,0
DA:9,0
DA:11,0
DA:12,0
DA:14,0
DA:18,0
DA:19,0
DA:21,0
DA:25,0
DA:27,0
DA:30,0
DA:31,0
DA:34,0
DA:35,0
DA:43,0
DA:44,0
DA:45,0
DA:48,0
DA:49,0
DA:53,0
DA:54,0
DA:55,0
DA:56,0
DA:57,0
DA:60,0
DA:61,0
DA:63,0
DA:64,0
DA:69,0
DA:70,0
DA:71,0
DA:72,0
DA:74,0
DA:75,0
DA:76,0
DA:78,0
DA:79,0
DA:80,0
DA:82,0
DA:83,0
DA:84,0
DA:86,0
DA:87,0
DA:88,0
DA:89,0
DA:91,0
DA:92,0
DA:93,0
DA:94,0
DA:96,0
DA:97,0
DA:98,0
DA:100,0
DA:102,0
DA:103,0
DA:105,0
DA:107,0
DA:108,0
DA:114,0
DA:117,0
DA:118,0
DA:121,0
DA:122,0
DA:123,0
DA:124,0
DA:127,0
DA:128,0
DA:129,0
DA:130,0
DA:131,0
DA:132,0
DA:133,0
DA:134,0
DA:135,0
DA:136,0
DA:137,0
DA:138,0
DA:140,0
DA:141,0
DA:143,0
DA:144,0
DA:145,0
DA:147,0
DA:148,0
DA:150,0
DA:151,0
DA:152,0
DA:154,0
DA:155,0
DA:157,0
DA:162,0
DA:163,0
DA:166,0
DA:167,0
DA:169,0
DA:170,0
DA:172,0
DA:173,0
DA:175,0
DA:176,0
DA:177,0
DA:178,0
DA:180,0
DA:181,0
DA:182,0
DA:184,0
DA:185,0
DA:187,0
DA:192,0
DA:204,0
DA:208,0
DA:212,0
DA:213,0
DA:214,0
DA:215,0
DA:216,0
DA:219,0
DA:221,0
DA:222,0
DA:223,0
DA:224,0
DA:225,0
DA:226,0
DA:227,0
DA:231,0
DA:235,0
DA:236,0
DA:237,0
DA:238,0
DA:239,0
DA:240,0
DA:241,0
DA:245,0
DA:246,0
DA:247,0
DA:248,0
DA:249,0
DA:250,0
DA:254,0
DA:255,0
DA:259,0
DA:260,0
DA:264,0
DA:268,0
DA:269,0
DA:274,0
DA:275,0
DA:282,0
DA:334,0
DA:363,0
DA:372,0
LF:153
LH:0
BRDA:3,0,0,0
BRDA:3,0,1,0
BRDA:3,0,2,0
BRDA:5,1,0,0
BRDA:5,1,1,0
BRDA:9,2,0,0
BRDA:9,2,1,0
BRDA:25,3,0,0
BRDA:25,3,1,0
BRDA:27,4,0,0
BRDA:27,4,1,0
BRDA:30,5,0,0
BRDA:30,5,1,0
BRDA:30,5,2,0
BRDA:34,6,0,0
BRDA:34,6,1,0
BRDA:43,7,0,0
BRDA:43,7,1,0
BRDA:44,8,0,0
BRDA:44,8,1,0
BRDA:53,9,0,0
BRDA:53,9,1,0
BRDA:54,10,0,0
BRDA:54,10,1,0
BRDA:54,11,0,0
BRDA:54,11,1,0
BRDA:55,12,0,0
BRDA:55,12,1,0
BRDA:55,13,0,0
BRDA:55,13,1,0
BRDA:55,13,2,0
BRDA:55,14,0,0
BRDA:55,14,1,0
BRDA:55,15,0,0
BRDA:55,15,1,0
BRDA:55,16,0,0
BRDA:55,16,1,0
BRDA:55,17,0,0
BRDA:55,17,1,0
BRDA:56,18,0,0
BRDA:56,18,1,0
BRDA:57,19,0,0
BRDA:57,19,1,0
BRDA:57,19,2,0
BRDA:57,19,3,0
BRDA:57,19,4,0
BRDA:57,19,5,0
BRDA:78,20,0,0
BRDA:78,20,1,0
BRDA:78,21,0,0
BRDA:78,21,1,0
BRDA:78,21,2,0
BRDA:78,22,0,0
BRDA:78,22,1,0
BRDA:82,23,0,0
BRDA:82,23,1,0
BRDA:82,24,0,0
BRDA:82,24,1,0
BRDA:82,24,2,0
BRDA:82,24,3,0
BRDA:86,25,0,0
BRDA:86,25,1,0
BRDA:86,26,0,0
BRDA:86,26,1,0
BRDA:91,27,0,0
BRDA:91,27,1,0
BRDA:91,28,0,0
BRDA:91,28,1,0
BRDA:96,29,0,0
BRDA:96,29,1,0
BRDA:107,30,0,0
BRDA:107,30,1,0
BRDA:109,31,0,0
BRDA:109,31,1,0
BRDA:141,32,0,0
BRDA:141,32,1,0
BRDA:141,32,2,0
BRDA:141,32,3,0
BRDA:141,32,4,0
BRDA:167,33,0,0
BRDA:167,33,1,0
BRDA:167,33,2,0
BRDA:167,33,3,0
BRDA:167,33,4,0
BRDA:167,33,5,0
BRDA:181,34,0,0
BRDA:181,34,1,0
BRDA:181,35,0,0
BRDA:181,35,1,0
BRDA:181,36,0,0
BRDA:181,36,1,0
BRDA:212,37,0,0
BRDA:212,37,1,0
BRDA:212,37,2,0
BRDA:213,38,0,0
BRDA:213,38,1,0
BRDA:213,39,0,0
BRDA:213,39,1,0
BRDA:214,40,0,0
BRDA:214,40,1,0
BRDA:214,41,0,0
BRDA:214,41,1,0
BRDA:215,42,0,0
BRDA:215,42,1,0
BRDA:219,43,0,0
BRDA:219,43,1,0
BRDA:282,44,0,0
BRDA:282,44,1,0
BRDA:288,45,0,0
BRDA:288,45,1,0
BRDA:289,46,0,0
BRDA:289,46,1,0
BRDA:292,47,0,0
BRDA:292,47,1,0
BRDA:298,48,0,0
BRDA:298,48,1,0
BRDA:301,49,0,0
BRDA:301,49,1,0
BRDA:306,50,0,0
BRDA:306,50,1,0
BRDA:312,51,0,0
BRDA:312,51,1,0
BRDA:316,52,0,0
BRDA:316,52,1,0
BRDA:318,53,0,0
BRDA:318,53,1,0
BRDA:321,54,0,0
BRDA:321,54,1,0
BRDA:326,55,0,0
BRDA:326,55,1,0
BRDA:329,56,0,0
BRDA:329,56,1,0
BRDA:334,57,0,0
BRDA:334,57,1,0
BRDA:341,58,0,0
BRDA:341,58,1,0
BRDA:341,59,0,0
BRDA:341,59,1,0
BRDA:342,60,0,0
BRDA:342,60,1,0
BRDA:353,61,0,0
BRDA:353,61,1,0
BRDA:354,62,0,0
BRDA:354,62,1,0
BRDA:358,63,0,0
BRDA:358,63,1,0
BRDA:363,64,0,0
BRDA:363,64,1,0
BRF:148
BRH:0
end_of_record
TN:
SF:pages\match\setup.vue
FN:3,(anonymous_0)
FN:4,adopt
FN:5,(anonymous_2)
FN:9,(anonymous_3)
FN:10,fulfilled
FN:17,rejected
FN:24,step
FN:30,(anonymous_7)
FN:33,(anonymous_8)
FN:44,(anonymous_9)
FN:47,verb
FN:48,(anonymous_11)
FN:52,step
FN:122,(anonymous_13)
FN:130,(anonymous_14)
FN:134,(anonymous_15)
FN:135,(anonymous_16)
FN:137,(anonymous_17)
FN:169,(anonymous_18)
FN:170,(anonymous_19)
FN:171,(anonymous_20)
FN:182,(anonymous_21)
FN:183,(anonymous_22)
FN:185,(anonymous_23)
FN:201,(anonymous_24)
FN:202,(anonymous_25)
FN:203,(anonymous_26)
FN:216,(anonymous_27)
FN:224,(anonymous_28)
FN:225,(anonymous_29)
FN:227,(anonymous_30)
FN:254,(anonymous_31)
FN:257,(anonymous_32)
FN:258,(anonymous_33)
FN:260,(anonymous_34)
FN:280,(anonymous_35)
FN:285,(anonymous_36)
FN:311,(anonymous_37)
FN:314,(anonymous_38)
FN:317,(anonymous_39)
FN:320,(anonymous_40)
FN:323,(anonymous_41)
FN:326,(anonymous_42)
FN:338,(anonymous_43)
FN:454,render
FN:481,(anonymous_45)
FN:520,(anonymous_46)
FN:521,(anonymous_47)
FN:537,(anonymous_48)
FN:538,(anonymous_49)
FN:569,(anonymous_50)
FN:629,(anonymous_51)
FN:663,(anonymous_52)
FN:686,(anonymous_53)
FN:689,(anonymous_54)
FN:707,(anonymous_55)
FN:714,(anonymous_56)
FN:732,(anonymous_57)
FN:741,(anonymous_58)
FN:762,(anonymous_59)
FN:764,(anonymous_60)
FN:770,(anonymous_61)
FN:794,(anonymous_62)
FN:815,(anonymous_63)
FNF:64
FNH:0
FNDA:0,(anonymous_0)
FNDA:0,adopt
FNDA:0,(anonymous_2)
FNDA:0,(anonymous_3)
FNDA:0,fulfilled
FNDA:0,rejected
FNDA:0,step
FNDA:0,(anonymous_7)
FNDA:0,(anonymous_8)
FNDA:0,(anonymous_9)
FNDA:0,verb
FNDA:0,(anonymous_11)
FNDA:0,step
FNDA:0,(anonymous_13)
FNDA:0,(anonymous_14)
FNDA:0,(anonymous_15)
FNDA:0,(anonymous_16)
FNDA:0,(anonymous_17)
FNDA:0,(anonymous_18)
FNDA:0,(anonymous_19)
FNDA:0,(anonymous_20)
FNDA:0,(anonymous_21)
FNDA:0,(anonymous_22)
FNDA:0,(anonymous_23)
FNDA:0,(anonymous_24)
FNDA:0,(anonymous_25)
FNDA:0,(anonymous_26)
FNDA:0,(anonymous_27)
FNDA:0,(anonymous_28)
FNDA:0,(anonymous_29)
FNDA:0,(anonymous_30)
FNDA:0,(anonymous_31)
FNDA:0,(anonymous_32)
FNDA:0,(anonymous_33)
FNDA:0,(anonymous_34)
FNDA:0,(anonymous_35)
FNDA:0,(anonymous_36)
FNDA:0,(anonymous_37)
FNDA:0,(anonymous_38)
FNDA:0,(anonymous_39)
FNDA:0,(anonymous_40)
FNDA:0,(anonymous_41)
FNDA:0,(anonymous_42)
FNDA:0,(anonymous_43)
FNDA:0,render
FNDA:0,(anonymous_45)
FNDA:0,(anonymous_46)
FNDA:0,(anonymous_47)
FNDA:0,(anonymous_48)
FNDA:0,(anonymous_49)
FNDA:0,(anonymous_50)
FNDA:0,(anonymous_51)
FNDA:0,(anonymous_52)
FNDA:0,(anonymous_53)
FNDA:0,(anonymous_54)
FNDA:0,(anonymous_55)
FNDA:0,(anonymous_56)
FNDA:0,(anonymous_57)
FNDA:0,(anonymous_58)
FNDA:0,(anonymous_59)
FNDA:0,(anonymous_60)
FNDA:0,(anonymous_61)
FNDA:0,(anonymous_62)
FNDA:0,(anonymous_63)
DA:3,0
DA:5,0
DA:6,0
DA:9,0
DA:11,0
DA:12,0
DA:14,0
DA:18,0
DA:19,0
DA:21,0
DA:25,0
DA:27,0
DA:30,0
DA:31,0
DA:34,0
DA:35,0
DA:43,0
DA:44,0
DA:45,0
DA:48,0
DA:49,0
DA:53,0
DA:54,0
DA:55,0
DA:56,0
DA:57,0
DA:60,0
DA:61,0
DA:63,0
DA:64,0
DA:69,0
DA:70,0
DA:71,0
DA:72,0
DA:74,0
DA:75,0
DA:76,0
DA:78,0
DA:79,0
DA:80,0
DA:82,0
DA:83,0
DA:84,0
DA:86,0
DA:87,0
DA:88,0
DA:89,0
DA:91,0
DA:92,0
DA:93,0
DA:94,0
DA:96,0
DA:97,0
DA:98,0
DA:100,0
DA:102,0
DA:103,0
DA:105,0
DA:107,0
DA:108,0
DA:114,0
DA:117,0
DA:118,0
DA:119,0
DA:120,0
DA:123,0
DA:124,0
DA:125,0
DA:126,0
DA:127,0
DA:128,0
DA:129,0
DA:130,0
DA:132,0
DA:134,0
DA:135,0
DA:137,0
DA:138,0
DA:140,0
DA:141,0
DA:145,0
DA:146,0
DA:148,0
DA:149,0
DA:150,0
DA:152,0
DA:153,0
DA:156,0
DA:159,0
DA:160,0
DA:162,0
DA:169,0
DA:170,0
DA:171,0
DA:172,0
DA:174,0
DA:176,0
DA:177,0
DA:182,0
DA:183,0
DA:185,0
DA:186,0
DA:188,0
DA:190,0
DA:191,0
DA:192,0
DA:194,0
DA:196,0
DA:201,0
DA:202,0
DA:203,0
DA:204,0
DA:206,0
DA:208,0
DA:209,0
DA:214,0
DA:215,0
DA:216,0
DA:217,0
DA:222,0
DA:224,0
DA:225,0
DA:227,0
DA:228,0
DA:230,0
DA:231,0
DA:232,0
DA:234,0
DA:235,0
DA:236,0
DA:238,0
DA:239,0
DA:240,0
DA:241,0
DA:243,0
DA:244,0
DA:246,0
DA:247,0
DA:249,0
DA:254,0
DA:255,0
DA:257,0
DA:258,0
DA:260,0
DA:261,0
DA:263,0
DA:264,0
DA:266,0
DA:267,0
DA:268,0
DA:270,0
DA:272,0
DA:277,0
DA:280,0
DA:282,0
DA:283,0
DA:285,0
DA:287,0
DA:288,0
DA:291,0
DA:294,0
DA:312,0
DA:315,0
DA:318,0
DA:321,0
DA:324,0
DA:327,0
DA:330,0
DA:334,0
DA:338,0
DA:339,0
DA:340,0
DA:341,0
DA:342,0
DA:345,0
DA:347,0
DA:348,0
DA:349,0
DA:350,0
DA:351,0
DA:352,0
DA:353,0
DA:354,0
DA:355,0
DA:356,0
DA:357,0
DA:358,0
DA:359,0
DA:363,0
DA:367,0
DA:371,0
DA:375,0
DA:376,0
DA:380,0
DA:381,0
DA:385,0
DA:389,0
DA:390,0
DA:391,0
DA:392,0
DA:396,0
DA:400,0
DA:401,0
DA:405,0
DA:409,0
DA:410,0
DA:411,0
DA:412,0
DA:416,0
DA:417,0
DA:421,0
DA:422,0
DA:427,0
DA:428,0
DA:432,0
DA:433,0
DA:437,0
DA:438,0
DA:439,0
DA:443,0
DA:444,0
DA:448,0
DA:449,0
DA:450,0
DA:455,0
DA:456,0
DA:457,0
DA:458,0
DA:481,0
DA:520,0
DA:521,0
DA:537,0
DA:538,0
DA:569,0
DA:629,0
DA:663,0
DA:686,0
DA:691,0
DA:707,0
DA:714,0
DA:732,0
DA:741,0
DA:762,0
DA:765,0
DA:770,0
DA:794,0
DA:815,0
DA:823,0
LF:248
LH:0
BRDA:3,0,0,0
BRDA:3,0,1,0
BRDA:3,0,2,0
BRDA:5,1,0,0
BRDA:5,1,1,0
BRDA:9,2,0,0
BRDA:9,2,1,0
BRDA:25,3,0,0
BRDA:25,3,1,0
BRDA:27,4,0,0
BRDA:27,4,1,0
BRDA:30,5,0,0
BRDA:30,5,1,0
BRDA:30,5,2,0
BRDA:34,6,0,0
BRDA:34,6,1,0
BRDA:43,7,0,0
BRDA:43,7,1,0
BRDA:44,8,0,0
BRDA:44,8,1,0
BRDA:53,9,0,0
BRDA:53,9,1,0
BRDA:54,10,0,0
BRDA:54,10,1,0
BRDA:54,11,0,0
BRDA:54,11,1,0
BRDA:55,12,0,0
BRDA:55,12,1,0
BRDA:55,13,0,0
BRDA:55,13,1,0
BRDA:55,13,2,0
BRDA:55,14,0,0
BRDA:55,14,1,0
BRDA:55,15,0,0
BRDA:55,15,1,0
BRDA:55,16,0,0
BRDA:55,16,1,0
BRDA:55,17,0,0
BRDA:55,17,1,0
BRDA:56,18,0,0
BRDA:56,18,1,0
BRDA:57,19,0,0
BRDA:57,19,1,0
BRDA:57,19,2,0
BRDA:57,19,3,0
BRDA:57,19,4,0
BRDA:57,19,5,0
BRDA:78,20,0,0
BRDA:78,20,1,0
BRDA:78,21,0,0
BRDA:78,21,1,0
BRDA:78,21,2,0
BRDA:78,22,0,0
BRDA:78,22,1,0
BRDA:82,23,0,0
BRDA:82,23,1,0
BRDA:82,24,0,0
BRDA:82,24,1,0
BRDA:82,24,2,0
BRDA:82,24,3,0
BRDA:86,25,0,0
BRDA:86,25,1,0
BRDA:86,26,0,0
BRDA:86,26,1,0
BRDA:91,27,0,0
BRDA:91,27,1,0
BRDA:91,28,0,0
BRDA:91,28,1,0
BRDA:96,29,0,0
BRDA:96,29,1,0
BRDA:107,30,0,0
BRDA:107,30,1,0
BRDA:109,31,0,0
BRDA:109,31,1,0
BRDA:132,32,0,0
BRDA:132,32,1,0
BRDA:132,33,0,0
BRDA:132,33,1,0
BRDA:138,34,0,0
BRDA:138,34,1,0
BRDA:138,34,2,0
BRDA:138,34,3,0
BRDA:138,34,4,0
BRDA:140,35,0,0
BRDA:140,35,1,0
BRDA:149,36,0,0
BRDA:149,36,1,0
BRDA:152,37,0,0
BRDA:152,37,1,0
BRDA:172,38,0,0
BRDA:172,38,1,0
BRDA:186,39,0,0
BRDA:186,39,1,0
BRDA:191,40,0,0
BRDA:191,40,1,0
BRDA:204,41,0,0
BRDA:204,41,1,0
BRDA:228,42,0,0
BRDA:228,42,1,0
BRDA:228,42,2,0
BRDA:228,42,3,0
BRDA:228,42,4,0
BRDA:228,42,5,0
BRDA:231,43,0,0
BRDA:231,43,1,0
BRDA:235,44,0,0
BRDA:235,44,1,0
BRDA:239,45,0,0
BRDA:239,45,1,0
BRDA:255,46,0,0
BRDA:255,46,1,0
BRDA:261,47,0,0
BRDA:261,47,1,0
BRDA:264,48,0,0
BRDA:264,48,1,0
BRDA:267,49,0,0
BRDA:267,49,1,0
BRDA:268,50,0,0
BRDA:268,50,1,0
BRDA:268,51,0,0
BRDA:268,51,1,0
BRDA:270,52,0,0
BRDA:270,52,1,0
BRDA:282,53,0,0
BRDA:282,53,1,0
BRDA:283,54,0,0
BRDA:283,54,1,0
BRDA:283,55,0,0
BRDA:283,55,1,0
BRDA:287,56,0,0
BRDA:287,56,1,0
BRDA:338,57,0,0
BRDA:338,57,1,0
BRDA:338,57,2,0
BRDA:339,58,0,0
BRDA:339,58,1,0
BRDA:339,59,0,0
BRDA:339,59,1,0
BRDA:340,60,0,0
BRDA:340,60,1,0
BRDA:340,61,0,0
BRDA:340,61,1,0
BRDA:341,62,0,0
BRDA:341,62,1,0
BRDA:345,63,0,0
BRDA:345,63,1,0
BRDA:463,64,0,0
BRDA:463,64,1,0
BRDA:464,65,0,0
BRDA:464,65,1,0
BRDA:467,66,0,0
BRDA:467,66,1,0
BRDA:468,67,0,0
BRDA:468,67,1,0
BRDA:474,68,0,0
BRDA:474,68,1,0
BRDA:481,69,0,0
BRDA:481,69,1,0
BRDA:491,70,0,0
BRDA:491,70,1,0
BRDA:491,71,0,0
BRDA:491,71,1,0
BRDA:493,72,0,0
BRDA:493,72,1,0
BRDA:498,73,0,0
BRDA:498,73,1,0
BRDA:503,74,0,0
BRDA:503,74,1,0
BRDA:512,75,0,0
BRDA:512,75,1,0
BRDA:516,76,0,0
BRDA:516,76,1,0
BRDA:518,77,0,0
BRDA:518,77,1,0
BRDA:520,78,0,0
BRDA:520,78,1,0
BRDA:521,79,0,0
BRDA:521,79,1,0
BRDA:523,80,0,0
BRDA:523,80,1,0
BRDA:532,81,0,0
BRDA:532,81,1,0
BRDA:534,82,0,0
BRDA:534,82,1,0
BRDA:537,83,0,0
BRDA:537,83,1,0
BRDA:538,84,0,0
BRDA:538,84,1,0
BRDA:553,85,0,0
BRDA:553,85,1,0
BRDA:553,86,0,0
BRDA:553,86,1,0
BRDA:555,87,0,0
BRDA:555,87,1,0
BRDA:561,88,0,0
BRDA:561,88,1,0
BRDA:565,89,0,0
BRDA:565,89,1,0
BRDA:566,90,0,0
BRDA:566,90,1,0
BRDA:569,91,0,0
BRDA:569,91,1,0
BRDA:577,92,0,0
BRDA:577,92,1,0
BRDA:579,93,0,0
BRDA:579,93,1,0
BRDA:583,94,0,0
BRDA:583,94,1,0
BRDA:586,95,0,0
BRDA:586,95,1,0
BRDA:588,96,0,0
BRDA:588,96,1,0
BRDA:592,97,0,0
BRDA:592,97,1,0
BRDA:599,98,0,0
BRDA:599,98,1,0
BRDA:602,99,0,0
BRDA:602,99,1,0
BRDA:610,100,0,0
BRDA:610,100,1,0
BRDA:613,101,0,0
BRDA:613,101,1,0
BRDA:613,102,0,0
BRDA:613,102,1,0
BRDA:621,103,0,0
BRDA:621,103,1,0
BRDA:626,104,0,0
BRDA:626,104,1,0
BRDA:626,105,0,0
BRDA:626,105,1,0
BRDA:629,106,0,0
BRDA:629,106,1,0
BRDA:633,107,0,0
BRDA:633,107,1,0
BRDA:637,108,0,0
BRDA:637,108,1,0
BRDA:638,109,0,0
BRDA:638,109,1,0
BRDA:648,110,0,0
BRDA:648,110,1,0
BRDA:648,111,0,0
BRDA:648,111,1,0
BRDA:655,112,0,0
BRDA:655,112,1,0
BRDA:655,113,0,0
BRDA:655,113,1,0
BRDA:658,114,0,0
BRDA:658,114,1,0
BRDA:663,115,0,0
BRDA:663,115,1,0
BRDA:666,116,0,0
BRDA:666,116,1,0
BRDA:670,117,0,0
BRDA:670,117,1,0
BRDA:674,118,0,0
BRDA:674,118,1,0
BRDA:687,119,0,0
BRDA:687,119,1,0
BRDA:695,120,0,0
BRDA:695,120,1,0
BRDA:703,121,0,0
BRDA:703,121,1,0
BRDA:706,122,0,0
BRDA:706,122,1,0
BRDA:707,123,0,0
BRDA:707,123,1,0
BRDA:707,124,0,0
BRDA:707,124,1,0
BRDA:707,125,0,0
BRDA:707,125,1,0
BRDA:708,126,0,0
BRDA:708,126,1,0
BRDA:714,127,0,0
BRDA:714,127,1,0
BRDA:714,128,0,0
BRDA:714,128,1,0
BRDA:714,129,0,0
BRDA:714,129,1,0
BRDA:716,130,0,0
BRDA:716,130,1,0
BRDA:732,131,0,0
BRDA:732,131,1,0
BRDA:732,132,0,0
BRDA:732,132,1,0
BRDA:732,133,0,0
BRDA:732,133,1,0
BRDA:732,134,0,0
BRDA:732,134,1,0
BRDA:741,135,0,0
BRDA:741,135,1,0
BRDA:741,136,0,0
BRDA:741,136,1,0
BRDA:741,137,0,0
BRDA:741,137,1,0
BRDA:746,138,0,0
BRDA:746,138,1,0
BRDA:756,139,0,0
BRDA:756,139,1,0
BRDA:762,140,0,0
BRDA:762,140,1,0
BRDA:776,141,0,0
BRDA:776,141,1,0
BRDA:784,142,0,0
BRDA:784,142,1,0
BRDA:785,143,0,0
BRDA:785,143,1,0
BRDA:786,144,0,0
BRDA:786,144,1,0
BRDA:788,145,0,0
BRDA:788,145,1,0
BRDA:790,146,0,0
BRDA:790,146,1,0
BRDA:794,147,0,0
BRDA:794,147,1,0
BRDA:806,148,0,0
BRDA:806,148,1,0
BRDA:807,149,0,0
BRDA:807,149,1,0
BRDA:811,150,0,0
BRDA:811,150,1,0
BRDA:815,151,0,0
BRDA:815,151,1,0
BRDA:818,152,0,0
BRDA:818,152,1,0
BRF:324
BRH:0
end_of_record
TN:
SF:utils\format-helpers.ts
FN:1,(anonymous_0)
FNF:1
FNH:0
FNDA:0,(anonymous_0)
DA:1,0
DA:2,0
DA:3,0
DA:4,0
LF:4
LH:0
BRDA:2,0,0,0
BRF:1
BRH:0
end_of_record
